#
# A fatal error has been detected by the Java Runtime Environment:
#
#  EXCEPTION_ACCESS_VIOLATION (0xc0000005) at pc=0x00007ff91612c7f0, pid=15552, tid=12764
#
# JRE version: OpenJDK Runtime Environment Temurin-17.0.5+8 (17.0.5+8) (build 17.0.5+8)
# Java VM: OpenJDK 64-Bit Server VM Temurin-17.0.5+8 (17.0.5+8, mixed mode, tiered, compressed oops, compressed class ptrs, g1 gc, windows-amd64)
# Problematic frame:
# V  [jvm.dll+0xc7f0]
#
# No core dump will be written. Minidumps are not enabled by default on client versions of Windows
#
# If you would like to submit a bug report, please visit:
#   https://github.com/adoptium/adoptium-support/issues
#

---------------  S U M M A R Y ------------

Command Line: --module-path=E:\javafx-sdk-19.0.2.1\lib --add-modules=javafx.controls,javafx.fxml -Dfile.encoding=UTF-8 -XX:+ShowCodeDetailsInExceptionMessages sample.Main

Host: Intel(R) Core(TM) i3-10100 CPU @ 3.60GHz, 8 cores, 15G,  Windows 11 , 64 bit Build 22621 (10.0.22621.1105)
Time: Thu Feb  2 13:05:13 2023 Bangladesh Standard Time elapsed time: 1.589481 seconds (0d 0h 0m 1s)

---------------  T H R E A D  ---------------

Current thread (0x000001b84223b400):  JavaThread "JavaFX Application Thread" [_thread_in_vm, id=12764, stack(0x0000006789900000,0x0000006789a00000)]

Stack: [0x0000006789900000,0x0000006789a00000],  sp=0x00000067899fda28,  free space=1014k
Native frames: (J=compiled Java code, j=interpreted, Vv=VM code, C=native code)
V  [jvm.dll+0xc7f0]

Java frames: (J=compiled Java code, j=interpreted, Vv=VM code)
j  com.zkteco.biometric.ZKFPService.Base64ToBlob(Ljava/lang/String;[BI)I+0
j  com.zkteco.biometric.FingerprintSensorEx.Base64ToBlob(Ljava/lang/String;[BI)I+3
j  sample.Controller.fetchDataFromDB()V+429
j  sample.Controller.initialize(Ljava/net/URL;Ljava/util/ResourceBundle;)V+18
j  javafx.fxml.FXMLLoader.loadImpl(Ljava/io/InputStream;Ljava/lang/Class;)Ljava/lang/Object;+269 javafx.fxml@19.0.2.1
j  javafx.fxml.FXMLLoader.loadImpl(Ljava/lang/Class;)Ljava/lang/Object;+31 javafx.fxml@19.0.2.1
j  javafx.fxml.FXMLLoader.loadImpl(Ljava/net/URL;Ljava/util/ResourceBundle;Ljavafx/util/BuilderFactory;Ljavafx/util/Callback;Ljava/nio/charset/Charset;Ljava/lang/Class;)Ljava/lang/Object;+34 javafx.fxml@19.0.2.1
j  javafx.fxml.FXMLLoader.loadImpl(Ljava/net/URL;Ljava/util/ResourceBundle;Ljavafx/util/BuilderFactory;Ljavafx/util/Callback;Ljava/lang/Class;)Ljava/lang/Object;+11 javafx.fxml@19.0.2.1
j  javafx.fxml.FXMLLoader.loadImpl(Ljava/net/URL;Ljava/util/ResourceBundle;Ljavafx/util/BuilderFactory;Ljava/lang/Class;)Ljava/lang/Object;+5 javafx.fxml@19.0.2.1
j  javafx.fxml.FXMLLoader.loadImpl(Ljava/net/URL;Ljava/util/ResourceBundle;Ljava/lang/Class;)Ljava/lang/Object;+4 javafx.fxml@19.0.2.1
j  javafx.fxml.FXMLLoader.loadImpl(Ljava/net/URL;Ljava/lang/Class;)Ljava/lang/Object;+3 javafx.fxml@19.0.2.1
j  javafx.fxml.FXMLLoader.load(Ljava/net/URL;)Ljava/lang/Object;+17 javafx.fxml@19.0.2.1
j  sample.Main.start(Ljavafx/stage/Stage;)V+9
j  com.sun.javafx.application.LauncherImpl.lambda$launchApplication1$9(Ljava/util/concurrent/atomic/AtomicBoolean;Ljavafx/application/Application;)V+20 javafx.graphics@19.0.2.1
j  com.sun.javafx.application.LauncherImpl$$Lambda$102+0x00000008000ffdd0.run()V+8 javafx.graphics@19.0.2.1
j  com.sun.javafx.application.PlatformImpl.lambda$runAndWait$12(Ljava/lang/Runnable;Ljava/util/concurrent/CountDownLatch;)V+1 javafx.graphics@19.0.2.1
j  com.sun.javafx.application.PlatformImpl$$Lambda$95+0x00000008000fd6a0.run()V+8 javafx.graphics@19.0.2.1
j  com.sun.javafx.application.PlatformImpl.lambda$runLater$10(Ljava/lang/Runnable;)Ljava/lang/Void;+1 javafx.graphics@19.0.2.1
j  com.sun.javafx.application.PlatformImpl$$Lambda$97+0x00000008000fe910.run()Ljava/lang/Object;+4 javafx.graphics@19.0.2.1
j  java.security.AccessController.executePrivileged(Ljava/security/PrivilegedAction;Ljava/security/AccessControlContext;Ljava/lang/Class;)Ljava/lang/Object;+29 java.base@17.0.5
j  java.security.AccessController.doPrivileged(Ljava/security/PrivilegedAction;Ljava/security/AccessControlContext;)Ljava/lang/Object;+13 java.base@17.0.5
j  com.sun.javafx.application.PlatformImpl.lambda$runLater$11(Ljava/lang/Runnable;Ljava/security/AccessControlContext;)V+7 javafx.graphics@19.0.2.1
j  com.sun.javafx.application.PlatformImpl$$Lambda$96+0x00000008000fdea0.run()V+8 javafx.graphics@19.0.2.1
j  com.sun.glass.ui.InvokeLaterDispatcher$Future.run()V+4 javafx.graphics@19.0.2.1
v  ~StubRoutines::call_stub
j  com.sun.glass.ui.win.WinApplication._runLoop(Ljava/lang/Runnable;)V+0 javafx.graphics@19.0.2.1
j  com.sun.glass.ui.win.WinApplication.lambda$runLoop$3(ILjava/lang/Runnable;)V+8 javafx.graphics@19.0.2.1
j  com.sun.glass.ui.win.WinApplication$$Lambda$85+0x00000008000ec430.run()V+12 javafx.graphics@19.0.2.1
j  java.lang.Thread.run()V+11 java.base@17.0.5
v  ~StubRoutines::call_stub

siginfo: EXCEPTION_ACCESS_VIOLATION (0xc0000005), reading address 0x0000000000000000


Register to memory mapping:

RIP=0x00007ff91612c7f0 jvm.dll
RAX=0x0 is NULL
RBX=0x000001b84223b400 is a thread
RCX=0x0 is NULL
RDX=0x0 is NULL
RSP=0x00000067899fda28 is pointing into the stack for thread: 0x000001b84223b400
RBP=0x00000067899fdba8 is pointing into the stack for thread: 0x000001b84223b400
RSI=0x0 is NULL
RDI=0x0 is NULL
R8 =0x0 is NULL
R9 =0x00007ff916c1d7d0 jvm.dll
R10=0x0000000703f1e488 is pointing into object: [B 
{0x0000000703f1e478} - klass: {type array byte}
 - length: 2048
R11=0x000001b8421a7d90 points into unknown readable memory: 0x0000000000000000 | 00 00 00 00 00 00 00 00
R12=0x00000067899fdbd0 is pointing into the stack for thread: 0x000001b84223b400
R13={method} {0x000001b843da5f68} 'Base64ToBlob' '(Ljava/lang/String;[BI)I' in 'com/zkteco/biometric/ZKFPService'
R14=0x0 is NULL
R15=0x000001b84223b400 is a thread


Registers:
RAX=0x0000000000000000, RBX=0x000001b84223b400, RCX=0x0000000000000000, RDX=0x0000000000000000
RSP=0x00000067899fda28, RBP=0x00000067899fdba8, RSI=0x0000000000000000, RDI=0x0000000000000000
R8 =0x0000000000000000, R9 =0x00007ff916c1d7d0, R10=0x0000000703f1e488, R11=0x000001b8421a7d90
R12=0x00000067899fdbd0, R13=0x000001b843da5f60, R14=0x0000000000000000, R15=0x000001b84223b400
RIP=0x00007ff91612c7f0, EFLAGS=0x0000000000010246

Top of Stack: (sp=0x00000067899fda28)
0x00000067899fda28:   00007ff91650637a 0000000000000000
0x00000067899fda38:   0000000000000000 000001b841200218
0x00000067899fda48:   0000000000000000 000001b84223b400
0x00000067899fda58:   0000000000000000 0000000000000000
0x00000067899fda68:   00007ff916507b55 000001b84223b400
0x00000067899fda78:   0000000000000000 00000067899fda80
0x00000067899fda88:   000001b8411e3600 000001b8421a7d90
0x00000067899fda98:   000001b84223b6a8 0000000000000000
0x00000067899fdaa8:   00007ff95a5d3bd4 00000067899fdba8
0x00000067899fdab8:   00000067899fdbd8 00000067899fdbd8
0x00000067899fdac8:   000001b84223b400 000001b825ac94fe
0x00000067899fdad8:   0000000702abec48 0000000000000009
0x00000067899fdae8:   00000067899fdab0 000001b8421a7d90
0x00000067899fdaf8:   000001b8411ec25b 0000000000000000
0x00000067899fdb08:   000001b825ac94fe 0000000000000011
0x00000067899fdb18:   000001b825acd621 000001b84223b6a8 

Instructions: (pc=0x00007ff91612c7f0)
0x00007ff91612c6f0:   00 00 00 48 8b 41 38 48 8b 80 88 09 00 00 48 8b
0x00007ff91612c700:   48 08 48 8b 40 50 48 d3 ea 80 3c 02 01 0f 85 cd
0x00007ff91612c710:   00 00 00 48 8b 13 0f b6 c2 24 03 3c 03 75 19 48
0x00007ff91612c720:   83 e2 fc 74 13 48 3b da 74 11 48 8b c2 48 8b 5c
0x00007ff91612c730:   24 38 48 83 c4 20 5e c3 48 8b d3 48 8b 46 38 0f
0x00007ff91612c740:   be 88 f0 02 00 00 c1 e9 02 f6 c1 01 74 dc 48 89
0x00007ff91612c750:   7c 24 30 e8 28 e5 ff ff 48 8b 0d 09 13 b9 00 48
0x00007ff91612c760:   8b f8 48 81 c1 90 09 00 00 8b 41 40 0f b6 57 21
0x00007ff91612c770:   8d 42 01 88 47 21 84 d2 75 0a 48 8b d7 e8 9e 96
0x00007ff91612c780:   6f 00 eb 20 80 7f 22 00 75 1a 8b 41 40 85 05 51
0x00007ff91612c790:   86 9a 00 74 0f b8 ff ff ff ff f0 0f c1 41 40 e8
0x00007ff91612c7a0:   cc 96 6f 00 48 8b 4e 38 4c 8b c7 48 8b d3 e8 dd
0x00007ff91612c7b0:   f7 ff ff 0f b6 4f 21 48 8b d8 48 8b 15 a7 12 b9
0x00007ff91612c7c0:   00 8d 41 ff 88 47 21 80 f9 01 77 0f 48 8d 8a 90
0x00007ff91612c7d0:   09 00 00 48 8b d7 e8 75 96 6f 00 48 8b 7c 24 30
0x00007ff91612c7e0:   48 8b c3 48 8b 5c 24 38 48 83 c4 20 5e c3 cc cc
0x00007ff91612c7f0:   48 8b 01 c3 cc cc cc cc cc cc cc cc cc cc cc cc
0x00007ff91612c800:   4c 8b 01 4c 8b c9 48 8b 0d 83 a3 b4 00 ba 44 60
0x00007ff91612c810:   08 00 e9 59 f2 ff ff cc cc cc cc cc cc cc cc cc
0x00007ff91612c820:   48 89 5c 24 08 57 48 83 ec 20 48 8b 39 48 8b d9
0x00007ff91612c830:   48 85 3d 31 81 b9 00 75 0e 48 8b c7 48 8b 5c 24
0x00007ff91612c840:   30 48 83 c4 20 5f c3 48 8b cf e8 b1 5a 85 00 48
0x00007ff91612c850:   8b d0 48 85 c0 74 20 48 8b c7 f0 48 0f b1 13 74
0x00007ff91612c860:   16 48 85 05 00 81 b9 00 74 0d 48 8b c8 f0 48 0f
0x00007ff91612c870:   b1 13 48 3b c1 75 ea 48 8b 5c 24 30 48 8b c2 48
0x00007ff91612c880:   83 c4 20 5f c3 cc cc cc cc cc cc cc cc cc cc cc
0x00007ff91612c890:   4c 8b 01 4c 8b c9 48 8b 0d f3 a2 b4 00 ba 64 60
0x00007ff91612c8a0:   08 00 e9 c9 f1 ff ff cc cc cc cc cc cc cc cc cc
0x00007ff91612c8b0:   8b 05 32 ea ae 00 c3 cc cc cc cc cc cc cc cc cc
0x00007ff91612c8c0:   0f b6 05 38 ab b5 00 48 8b d1 84 c0 74 16 44 8b
0x00007ff91612c8d0:   41 08 8b 0d 10 ea ae 00 49 d3 e0 4c 03 05 fe e9
0x00007ff91612c8e0:   ae 00 eb 04 4c 8b 41 08 45 8b 50 08 45 85 d2 7e 


Stack slot to memory mapping:
stack at sp + 0 slots: 0x00007ff91650637a jvm.dll
stack at sp + 1 slots: 0x0 is NULL
stack at sp + 2 slots: 0x0 is NULL
stack at sp + 3 slots: {method} {0x000001b841200220} 'implFlushBuffer' '()V' in 'sun/nio/cs/StreamEncoder'
stack at sp + 4 slots: 0x0 is NULL
stack at sp + 5 slots: 0x000001b84223b400 is a thread
stack at sp + 6 slots: 0x0 is NULL
stack at sp + 7 slots: 0x0 is NULL


---------------  P R O C E S S  ---------------

Threads class SMR info:
_java_thread_list=0x000001b8430c7130, length=19, elements={
0x000001b822409a90, 0x000001b841859ef0, 0x000001b84185a7b0, 0x000001b841865780,
0x000001b8418810c0, 0x000001b841881980, 0x000001b841885740, 0x000001b84189b4d0,
0x000001b84189de90, 0x000001b84189f7a0, 0x000001b841997ff0, 0x000001b841fed5a0,
0x000001b8420af720, 0x000001b8422f37d0, 0x000001b84223b400, 0x000001b8421f1030,
0x000001b8421ef350, 0x000001b842df8b30, 0x000001b8421f2370
}

Java Threads: ( => current thread )
  0x000001b822409a90 JavaThread "main" [_thread_blocked, id=8624, stack(0x0000006788200000,0x0000006788300000)]
  0x000001b841859ef0 JavaThread "Reference Handler" daemon [_thread_blocked, id=10448, stack(0x0000006788900000,0x0000006788a00000)]
  0x000001b84185a7b0 JavaThread "Finalizer" daemon [_thread_blocked, id=13792, stack(0x0000006788a00000,0x0000006788b00000)]
  0x000001b841865780 JavaThread "Signal Dispatcher" daemon [_thread_blocked, id=7844, stack(0x0000006788b00000,0x0000006788c00000)]
  0x000001b8418810c0 JavaThread "Attach Listener" daemon [_thread_blocked, id=18368, stack(0x0000006788c00000,0x0000006788d00000)]
  0x000001b841881980 JavaThread "Service Thread" daemon [_thread_blocked, id=13520, stack(0x0000006788d00000,0x0000006788e00000)]
  0x000001b841885740 JavaThread "Monitor Deflation Thread" daemon [_thread_blocked, id=13768, stack(0x0000006788e00000,0x0000006788f00000)]
  0x000001b84189b4d0 JavaThread "C2 CompilerThread0" daemon [_thread_in_native, id=15060, stack(0x0000006788f00000,0x0000006789000000)]
  0x000001b84189de90 JavaThread "C1 CompilerThread0" daemon [_thread_blocked, id=16708, stack(0x0000006789000000,0x0000006789100000)]
  0x000001b84189f7a0 JavaThread "Sweeper thread" daemon [_thread_blocked, id=17920, stack(0x0000006789100000,0x0000006789200000)]
  0x000001b841997ff0 JavaThread "Common-Cleaner" daemon [_thread_blocked, id=18956, stack(0x0000006789200000,0x0000006789300000)]
  0x000001b841fed5a0 JavaThread "Notification Thread" daemon [_thread_blocked, id=17180, stack(0x0000006789500000,0x0000006789600000)]
  0x000001b8420af720 JavaThread "QuantumRenderer-0" daemon [_thread_blocked, id=19392, stack(0x0000006789700000,0x0000006789800000)]
  0x000001b8422f37d0 JavaThread "InvokeLaterDispatcher" daemon [_thread_blocked, id=6052, stack(0x0000006789800000,0x0000006789900000)]
=>0x000001b84223b400 JavaThread "JavaFX Application Thread" [_thread_in_vm, id=12764, stack(0x0000006789900000,0x0000006789a00000)]
  0x000001b8421f1030 JavaThread "JavaFX-Launcher" [_thread_blocked, id=18068, stack(0x0000006789e00000,0x0000006789f00000)]
  0x000001b8421ef350 JavaThread "Thread-2" daemon [_thread_in_native, id=14860, stack(0x0000006789d00000,0x0000006789e00000)]
  0x000001b842df8b30 JavaThread "C2 CompilerThread1" daemon [_thread_blocked, id=18352, stack(0x0000006789300000,0x0000006789400000)]
  0x000001b8421f2370 JavaThread "Keep-Alive-Timer" daemon [_thread_blocked, id=14896, stack(0x000000678a600000,0x000000678a700000)]

Other Threads:
  0x000001b841843c60 VMThread "VM Thread" [stack: 0x0000006788800000,0x0000006788900000] [id=11864]
  0x000001b8224af9f0 WatcherThread [stack: 0x0000006789600000,0x0000006789700000] [id=8416]
  0x000001b8224795d0 GCTaskThread "GC Thread#0" [stack: 0x0000006788300000,0x0000006788400000] [id=8476]
  0x000001b8424f5b70 GCTaskThread "GC Thread#1" [stack: 0x0000006789f00000,0x000000678a000000] [id=5264]
  0x000001b8424f5080 GCTaskThread "GC Thread#2" [stack: 0x000000678a000000,0x000000678a100000] [id=7132]
  0x000001b8425fcfc0 GCTaskThread "GC Thread#3" [stack: 0x000000678a100000,0x000000678a200000] [id=6188]
  0x000001b84254bd30 GCTaskThread "GC Thread#4" [stack: 0x000000678a200000,0x000000678a300000] [id=13632]
  0x000001b8425a17d0 GCTaskThread "GC Thread#5" [stack: 0x000000678a300000,0x000000678a400000] [id=4928]
  0x000001b8426e0600 GCTaskThread "GC Thread#6" [stack: 0x0000006789400000,0x0000006789500000] [id=14552]
  0x000001b8426df080 GCTaskThread "GC Thread#7" [stack: 0x000000678a400000,0x000000678a500000] [id=16108]
  0x000001b82248b070 ConcurrentGCThread "G1 Main Marker" [stack: 0x0000006788400000,0x0000006788500000] [id=1380]
  0x000001b82248b980 ConcurrentGCThread "G1 Conc#0" [stack: 0x0000006788500000,0x0000006788600000] [id=18800]
  0x000001b8426e08b0 ConcurrentGCThread "G1 Conc#1" [stack: 0x000000678a500000,0x000000678a600000] [id=5588]
  0x000001b8224cdf20 ConcurrentGCThread "G1 Refine#0" [stack: 0x0000006788600000,0x0000006788700000] [id=5712]
  0x000001b8224ce6e0 ConcurrentGCThread "G1 Service" [stack: 0x0000006788700000,0x0000006788800000] [id=11768]

Threads with active compile tasks:
C2 CompilerThread0     1598 2050       4       java.util.jar.JarFile::getEntry (35 bytes)

VM state: not at safepoint (normal execution)

VM Mutex/Monitor currently owned by a thread: None

Heap address: 0x0000000702a00000, size: 4054 MB, Compressed Oops mode: Zero based, Oop shift amount: 3

CDS archive(s) not mapped
Compressed class space mapped at: 0x0000000800000000-0x0000000840000000, reserved size: 1073741824
Narrow klass base: 0x0000000800000000, Narrow klass shift: 0, Narrow klass range: 0x40000000

GC Precious Log:
 CPUs: 8 total, 8 available
 Memory: 16212M
 Large Page Support: Disabled
 NUMA Support: Disabled
 Compressed Oops: Enabled (Zero based)
 Heap Region Size: 2M
 Heap Min Capacity: 8M
 Heap Initial Capacity: 254M
 Heap Max Capacity: 4054M
 Pre-touch: Disabled
 Parallel Workers: 8
 Concurrent Workers: 2
 Concurrent Refinement Workers: 8
 Periodic GC: Disabled

Heap:
 garbage-first heap   total 40960K, used 21050K [0x0000000702a00000, 0x0000000800000000)
  region size 2048K, 10 young (20480K), 3 survivors (6144K)
 Metaspace       used 26189K, committed 26432K, reserved 1073152K
  class space    used 2985K, committed 3072K, reserved 1048576K

Heap Regions: E=young(eden), S=young(survivor), O=old, HS=humongous(starts), HC=humongous(continues), CS=collection set, F=free, OA=open archive, CA=closed archive, TAMS=top-at-mark-start (previous, next)
|   0|0x0000000702a00000, 0x0000000702c00000, 0x0000000702c00000|100%| O|  |TAMS 0x0000000702a00000, 0x0000000702a00000| Untracked 
|   1|0x0000000702c00000, 0x0000000702d57000, 0x0000000702e00000| 66%| O|  |TAMS 0x0000000702c00000, 0x0000000702c00000| Complete 
|   2|0x0000000702e00000, 0x0000000702e00000, 0x0000000703000000|  0%| F|  |TAMS 0x0000000702e00000, 0x0000000702e00000| Untracked 
|   3|0x0000000703000000, 0x0000000703000000, 0x0000000703200000|  0%| F|  |TAMS 0x0000000703000000, 0x0000000703000000| Untracked 
|   4|0x0000000703200000, 0x0000000703200000, 0x0000000703400000|  0%| F|  |TAMS 0x0000000703200000, 0x0000000703200000| Untracked 
|   5|0x0000000703400000, 0x0000000703400000, 0x0000000703600000|  0%| F|  |TAMS 0x0000000703400000, 0x0000000703400000| Untracked 
|   6|0x0000000703600000, 0x0000000703600000, 0x0000000703800000|  0%| F|  |TAMS 0x0000000703600000, 0x0000000703600000| Untracked 
|   7|0x0000000703800000, 0x0000000703800000, 0x0000000703a00000|  0%| F|  |TAMS 0x0000000703800000, 0x0000000703800000| Untracked 
|   8|0x0000000703a00000, 0x0000000703a00000, 0x0000000703c00000|  0%| F|  |TAMS 0x0000000703a00000, 0x0000000703a00000| Untracked 
|   9|0x0000000703c00000, 0x0000000703c00000, 0x0000000703e00000|  0%| F|  |TAMS 0x0000000703c00000, 0x0000000703c00000| Untracked 
|  10|0x0000000703e00000, 0x0000000704000000, 0x0000000704000000|100%| E|  |TAMS 0x0000000703e00000, 0x0000000703e00000| Complete 
|  11|0x0000000704000000, 0x0000000704200000, 0x0000000704200000|100%| E|CS|TAMS 0x0000000704000000, 0x0000000704000000| Complete 
|  12|0x0000000704200000, 0x0000000704400000, 0x0000000704400000|100%| E|CS|TAMS 0x0000000704200000, 0x0000000704200000| Complete 
|  13|0x0000000704400000, 0x0000000704600000, 0x0000000704600000|100%| E|CS|TAMS 0x0000000704400000, 0x0000000704400000| Complete 
|  14|0x0000000704600000, 0x0000000704800000, 0x0000000704800000|100%| E|CS|TAMS 0x0000000704600000, 0x0000000704600000| Complete 
|  15|0x0000000704800000, 0x0000000704a00000, 0x0000000704a00000|100%| E|CS|TAMS 0x0000000704800000, 0x0000000704800000| Complete 
| 110|0x0000000710600000, 0x0000000710737930, 0x0000000710800000| 60%| S|CS|TAMS 0x0000000710600000, 0x0000000710600000| Complete 
| 111|0x0000000710800000, 0x0000000710a00000, 0x0000000710a00000|100%| S|CS|TAMS 0x0000000710800000, 0x0000000710800000| Complete 
| 112|0x0000000710a00000, 0x0000000710c00000, 0x0000000710c00000|100%| S|CS|TAMS 0x0000000710a00000, 0x0000000710a00000| Complete 
| 126|0x0000000712600000, 0x0000000712800000, 0x0000000712800000|100%| E|CS|TAMS 0x0000000712600000, 0x0000000712600000| Complete 

Card table byte_map: [0x000001b8355e0000,0x000001b835dd0000] _byte_map_base: 0x000001b831dcb000

Marking Bits (Prev, Next): (CMBitMap*) 0x000001b822479b20, (CMBitMap*) 0x000001b822479ae0
 Prev Bits: [0x000001b83a520000, 0x000001b83e478000)
 Next Bits: [0x000001b8365c0000, 0x000001b83a518000)

Polling page: 0x000001b820360000

Metaspace:

Usage:
  Non-class:     22.66 MB used.
      Class:      2.92 MB used.
       Both:     25.58 MB used.

Virtual space:
  Non-class space:       24.00 MB reserved,      22.81 MB ( 95%) committed,  3 nodes.
      Class space:        1.00 GB reserved,       3.00 MB ( <1%) committed,  1 nodes.
             Both:        1.02 GB reserved,      25.81 MB (  2%) committed. 

Chunk freelists:
   Non-Class:  1.22 MB
       Class:  1.00 MB
        Both:  2.22 MB

MaxMetaspaceSize: unlimited
CompressedClassSpaceSize: 1.00 GB
Initial GC threshold: 21.00 MB
Current GC threshold: 35.25 MB
CDS: off
MetaspaceReclaimPolicy: balanced
 - commit_granule_bytes: 65536.
 - commit_granule_words: 8192.
 - virtual_space_node_default_size: 1048576.
 - enlarge_chunks_in_place: 1.
 - new_chunks_are_fully_committed: 0.
 - uncommit_free_chunks: 1.
 - use_allocation_guard: 0.
 - handle_deallocations: 1.


Internal statistics:

num_allocs_failed_limit: 3.
num_arena_births: 174.
num_arena_deaths: 0.
num_vsnodes_births: 4.
num_vsnodes_deaths: 0.
num_space_committed: 413.
num_space_uncommitted: 0.
num_chunks_returned_to_freelist: 3.
num_chunks_taken_from_freelist: 585.
num_chunk_merges: 0.
num_chunk_splits: 383.
num_chunks_enlarged: 287.
num_purges: 0.
num_inconsistent_stats: 0.

CodeHeap 'non-profiled nmethods': size=120000Kb used=828Kb max_used=828Kb free=119172Kb
 bounds [0x000001b82d590000, 0x000001b82d800000, 0x000001b834ac0000]
CodeHeap 'profiled nmethods': size=120000Kb used=3795Kb max_used=3795Kb free=116204Kb
 bounds [0x000001b826060000, 0x000001b826420000, 0x000001b82d590000]
CodeHeap 'non-nmethods': size=5760Kb used=1339Kb max_used=1380Kb free=4420Kb
 bounds [0x000001b825ac0000, 0x000001b825d30000, 0x000001b826060000]
 total_blobs=2737 nmethods=2063 adapters=586
 compilation: enabled
              stopped_count=0, restarted_count=0
 full_count=0

Compilation events (20 events):
Event: 1.576 Thread 0x000001b84189de90 nmethod 2056 0x000001b826410e90 code [0x000001b826411040, 0x000001b8264113a8]
Event: 1.576 Thread 0x000001b84189de90 2055       3       java.util.LinkedHashMap$LinkedHashIterator::nextNode (54 bytes)
Event: 1.576 Thread 0x000001b84189de90 nmethod 2055 0x000001b826411490 code [0x000001b826411660, 0x000001b826411a18]
Event: 1.576 Thread 0x000001b84189de90 2057       3       com.fasterxml.jackson.databind.introspect.AnnotatedWithParams::getAnnotation (9 bytes)
Event: 1.576 Thread 0x000001b84189de90 nmethod 2057 0x000001b826411b90 code [0x000001b826411d40, 0x000001b8264120e8]
Event: 1.576 Thread 0x000001b84189de90 2059       3       java.util.LinkedHashMap$LinkedHashIterator::hasNext (13 bytes)
Event: 1.576 Thread 0x000001b84189de90 nmethod 2059 0x000001b826412210 code [0x000001b8264123a0, 0x000001b826412518]
Event: 1.576 Thread 0x000001b84189de90 2058       3       java.util.LinkedHashMap$LinkedValueIterator::next (8 bytes)
Event: 1.576 Thread 0x000001b84189de90 nmethod 2058 0x000001b826412590 code [0x000001b826412740, 0x000001b826412888]
Event: 1.577 Thread 0x000001b842df8b30 nmethod 2048 0x000001b82d65b810 code [0x000001b82d65ba00, 0x000001b82d65c9f8]
Event: 1.578 Thread 0x000001b842df8b30 2060  s!   4       jdk.internal.loader.URLClassPath::getLoader (194 bytes)
Event: 1.579 Thread 0x000001b842df8b30 nmethod 2060 0x000001b82d65d510 code [0x000001b82d65d6a0, 0x000001b82d65d998]
Event: 1.579 Thread 0x000001b842df8b30 2061       4       java.lang.CharacterData::of (136 bytes)
Event: 1.579 Thread 0x000001b842df8b30 nmethod 2061 0x000001b82d65dc10 code [0x000001b82d65dd80, 0x000001b82d65de18]
Event: 1.579 Thread 0x000001b842df8b30 2062   !   4       java.util.zip.InflaterInputStream::read (138 bytes)
Event: 1.583 Thread 0x000001b84189de90 2063       3       java.lang.Character::isJavaIdentifierPart (5 bytes)
Event: 1.583 Thread 0x000001b84189de90 nmethod 2063 0x000001b826412990 code [0x000001b826412b40, 0x000001b826412d98]
Event: 1.585 Thread 0x000001b842df8b30 nmethod 2062 0x000001b82d65df10 code [0x000001b82d65e0e0, 0x000001b82d65ea98]
Event: 1.585 Thread 0x000001b84189de90 2064       3       com.fasterxml.jackson.core.json.ReaderBasedJsonParser::_decodeEscaped (237 bytes)
Event: 1.586 Thread 0x000001b84189de90 nmethod 2064 0x000001b826412e90 code [0x000001b826413200, 0x000001b826414858]

GC Heap History (4 events):
Event: 0.381 GC heap before
{Heap before GC invocations=0 (full 0):
 garbage-first heap   total 260096K, used 20480K [0x0000000702a00000, 0x0000000800000000)
  region size 2048K, 11 young (22528K), 0 survivors (0K)
 Metaspace       used 12399K, committed 12544K, reserved 1064960K
  class space    used 1303K, committed 1408K, reserved 1048576K
}
Event: 0.384 GC heap after
{Heap after GC invocations=1 (full 0):
 garbage-first heap   total 260096K, used 3337K [0x0000000702a00000, 0x0000000800000000)
  region size 2048K, 2 young (4096K), 2 survivors (4096K)
 Metaspace       used 12399K, committed 12544K, reserved 1064960K
  class space    used 1303K, committed 1408K, reserved 1048576K
}
Event: 1.343 GC heap before
{Heap before GC invocations=1 (full 0):
 garbage-first heap   total 260096K, used 25865K [0x0000000702a00000, 0x0000000800000000)
  region size 2048K, 14 young (28672K), 2 survivors (4096K)
 Metaspace       used 21337K, committed 21504K, reserved 1073152K
  class space    used 2400K, committed 2496K, reserved 1048576K
}
Event: 1.348 GC heap after
{Heap after GC invocations=2 (full 0):
 garbage-first heap   total 260096K, used 8762K [0x0000000702a00000, 0x0000000800000000)
  region size 2048K, 3 young (6144K), 3 survivors (6144K)
 Metaspace       used 21337K, committed 21504K, reserved 1073152K
  class space    used 2400K, committed 2496K, reserved 1048576K
}

Dll operation events (20 events):
Event: 0.226 Loaded shared library E:\javafx-sdk-19.0.2.1\bin\api-ms-win-crt-private-l1-1-0.dll
Event: 0.227 Loaded shared library E:\javafx-sdk-19.0.2.1\bin\api-ms-win-crt-process-l1-1-0.dll
Event: 0.227 Loaded shared library E:\javafx-sdk-19.0.2.1\bin\api-ms-win-crt-runtime-l1-1-0.dll
Event: 0.227 Loaded shared library E:\javafx-sdk-19.0.2.1\bin\api-ms-win-crt-stdio-l1-1-0.dll
Event: 0.228 Loaded shared library E:\javafx-sdk-19.0.2.1\bin\api-ms-win-crt-string-l1-1-0.dll
Event: 0.228 Loaded shared library E:\javafx-sdk-19.0.2.1\bin\api-ms-win-crt-time-l1-1-0.dll
Event: 0.228 Loaded shared library E:\javafx-sdk-19.0.2.1\bin\api-ms-win-crt-utility-l1-1-0.dll
Event: 0.229 Loaded shared library E:\javafx-sdk-19.0.2.1\bin\ucrtbase.dll
Event: 0.229 Loaded shared library E:\javafx-sdk-19.0.2.1\bin\vcruntime140.dll
Event: 0.230 Loaded shared library E:\javafx-sdk-19.0.2.1\bin\vcruntime140_1.dll
Event: 0.230 Loaded shared library E:\javafx-sdk-19.0.2.1\bin\msvcp140.dll
Event: 0.231 Loaded shared library E:\javafx-sdk-19.0.2.1\bin\msvcp140_1.dll
Event: 0.231 Loaded shared library E:\javafx-sdk-19.0.2.1\bin\msvcp140_2.dll
Event: 0.252 Loaded shared library E:\javafx-sdk-19.0.2.1\bin\prism_d3d.dll
Event: 0.269 Loaded shared library E:\javafx-sdk-19.0.2.1\bin\glass.dll
Event: 0.325 Loaded shared library C:\Users\hp-1\.p2\pool\plugins\org.eclipse.justj.openjdk.hotspot.jre.full.win32.x86_64_17.0.5.v20221102-0933\jre\bin\jimage.dll
Event: 0.428 Loaded shared library E:\javafx-sdk-19.0.2.1\bin\javafx_font.dll
Event: 0.534 Loaded shared library C:\Windows\System32\libzkfp.dll
Event: 1.132 Loaded shared library C:\Users\hp-1\.p2\pool\plugins\org.eclipse.justj.openjdk.hotspot.jre.full.win32.x86_64_17.0.5.v20221102-0933\jre\bin\sunmscapi.dll
Event: 1.477 Loaded shared library C:\Users\hp-1\.p2\pool\plugins\org.eclipse.justj.openjdk.hotspot.jre.full.win32.x86_64_17.0.5.v20221102-0933\jre\bin\verify.dll

Deoptimization events (20 events):
Event: 1.464 Thread 0x000001b84223b400 DEOPT PACKING pc=0x000001b82d617934 sp=0x00000067899fd450
Event: 1.464 Thread 0x000001b84223b400 DEOPT UNPACKING pc=0x000001b825b123a3 sp=0x00000067899fd3d0 mode 2
Event: 1.471 Thread 0x000001b84223b400 DEOPT PACKING pc=0x000001b8263962d6 sp=0x00000067899fd580
Event: 1.471 Thread 0x000001b84223b400 DEOPT UNPACKING pc=0x000001b825b12b43 sp=0x00000067899fca20 mode 0
Event: 1.474 Thread 0x000001b84223b400 DEOPT PACKING pc=0x000001b8263962d6 sp=0x00000067899fd580
Event: 1.474 Thread 0x000001b84223b400 DEOPT UNPACKING pc=0x000001b825b12b43 sp=0x00000067899fca20 mode 0
Event: 1.509 Thread 0x000001b84223b400 Uncommon trap: trap_request=0xffffff45 fr.pc=0x000001b82d5a3fac relative=0x000000000000010c
Event: 1.509 Thread 0x000001b84223b400 Uncommon trap: reason=unstable_if action=reinterpret pc=0x000001b82d5a3fac method=java.lang.StringLatin1.lastIndexOf([BI[BII)I @ 86 c2
Event: 1.509 Thread 0x000001b84223b400 DEOPT PACKING pc=0x000001b82d5a3fac sp=0x00000067899fbfb0
Event: 1.509 Thread 0x000001b84223b400 DEOPT UNPACKING pc=0x000001b825b123a3 sp=0x00000067899fbf08 mode 2
Event: 1.509 Thread 0x000001b84223b400 Uncommon trap: trap_request=0xffffff45 fr.pc=0x000001b82d5fbacc relative=0x000000000000042c
Event: 1.509 Thread 0x000001b84223b400 Uncommon trap: reason=unstable_if action=reinterpret pc=0x000001b82d5fbacc method=java.lang.AbstractStringBuilder.append(C)Ljava/lang/AbstractStringBuilder; @ 21 c2
Event: 1.509 Thread 0x000001b84223b400 DEOPT PACKING pc=0x000001b82d5fbacc sp=0x00000067899fc600
Event: 1.509 Thread 0x000001b84223b400 DEOPT UNPACKING pc=0x000001b825b123a3 sp=0x00000067899fc588 mode 2
Event: 1.547 Thread 0x000001b84223b400 DEOPT PACKING pc=0x000001b8261133be sp=0x00000067899fbdc0
Event: 1.547 Thread 0x000001b84223b400 DEOPT UNPACKING pc=0x000001b825b12b43 sp=0x00000067899fb238 mode 0
Event: 1.586 Thread 0x000001b84223b400 Uncommon trap: trap_request=0xffffff45 fr.pc=0x000001b82d5dada0 relative=0x0000000000000680
Event: 1.586 Thread 0x000001b84223b400 Uncommon trap: reason=unstable_if action=reinterpret pc=0x000001b82d5dada0 method=java.lang.AbstractStringBuilder.append(Ljava/lang/String;)Ljava/lang/AbstractStringBuilder; @ 1 c2
Event: 1.586 Thread 0x000001b84223b400 DEOPT PACKING pc=0x000001b82d5dada0 sp=0x00000067899fdba0
Event: 1.586 Thread 0x000001b84223b400 DEOPT UNPACKING pc=0x000001b825b123a3 sp=0x00000067899fdb30 mode 2

Classes unloaded (0 events):
No events

Classes redefined (0 events):
No events

Internal exceptions (20 events):
Event: 0.304 Thread 0x000001b84223b400 Exception <a 'java/lang/NoSuchMethodError'{0x0000000711911b70}: 'void java.lang.invoke.DirectMethodHandle$Holder.invokeStaticInit(java.lang.Object)'> (0x0000000711911b70) 
thrown [s\src\hotspot\share\interpreter\linkResolver.cpp, line 759]
Event: 0.305 Thread 0x000001b822409a90 Exception <a 'java/lang/NoSuchMethodError'{0x0000000711a52170}: 'java.lang.Object java.lang.invoke.DirectMethodHandle$Holder.newInvokeSpecial(java.lang.Object, java.lang.Object, java.lang.Object, java.lang.Object, java.lang.Object, java.lang.Object)'> (0x0000000711a52170) 
thrown [s\src\hotspot\share\interpreter\linkResolver.cpp, line 759]
Event: 0.309 Thread 0x000001b822409a90 Exception <a 'java/lang/NoSuchMethodError'{0x00000007119644c0}: 'java.lang.Object java.lang.invoke.DirectMethodHandle$Holder.newInvokeSpecial(java.lang.Object, java.lang.Object, java.lang.Object, java.lang.Object, java.lang.Object)'> (0x00000007119644c0) 
thrown [s\src\hotspot\share\interpreter\linkResolver.cpp, line 759]
Event: 0.309 Thread 0x000001b8421f1030 Exception <a 'java/lang/NoSuchMethodError'{0x00000007119c9d08}: 'void java.lang.invoke.DirectMethodHandle$Holder.invokeStatic(java.lang.Object, java.lang.Object, java.lang.Object, java.lang.Object)'> (0x00000007119c9d08) 
thrown [s\src\hotspot\share\interpreter\linkResolver.cpp, line 759]
Event: 0.388 Thread 0x000001b84223b400 Exception <a 'java/lang/NoSuchMethodError'{0x0000000712689168}: 'java.lang.Object java.lang.invoke.DirectMethodHandle$Holder.invokeStaticInit(java.lang.Object, java.lang.Object, java.lang.Object, java.lang.Object)'> (0x0000000712689168) 
thrown [s\src\hotspot\share\interpreter\linkResolver.cpp, line 759]
Event: 0.389 Thread 0x000001b84223b400 Exception <a 'java/lang/NullPointerException'{0x0000000712694d70}> (0x0000000712694d70) 
thrown [s\src\hotspot\share\interpreter\linkResolver.cpp, line 1350]
Event: 0.414 Thread 0x000001b84223b400 Exception <a 'java/lang/ClassNotFoundException'{0x00000007125118c8}: com/sun/glass/ui/win/themes> (0x00000007125118c8) 
thrown [s\src\hotspot\share\prims\jni.cpp, line 535]
Event: 0.415 Thread 0x000001b84223b400 Exception <a 'java/lang/ClassNotFoundException'{0x000000071251dd00}: com/sun/glass/ui/win/themes_en> (0x000000071251dd00) 
thrown [s\src\hotspot\share\prims\jni.cpp, line 535]
Event: 0.415 Thread 0x000001b84223b400 Exception <a 'java/lang/ClassNotFoundException'{0x0000000712525d48}: com/sun/glass/ui/win/themes_en_US> (0x0000000712525d48) 
thrown [s\src\hotspot\share\prims\jni.cpp, line 535]
Event: 0.463 Thread 0x000001b84223b400 Exception <a 'java/lang/NoSuchMethodError'{0x0000000711e2f500}: 'void java.lang.invoke.DirectMethodHandle$Holder.invokeStaticInit(java.lang.Object, java.lang.Object)'> (0x0000000711e2f500) 
thrown [s\src\hotspot\share\interpreter\linkResolver.cpp, line 759]
Event: 0.505 Thread 0x000001b84223b400 Exception <a 'java/lang/NoSuchMethodError'{0x0000000711ced5d0}: 'void java.lang.invoke.DirectMethodHandle$Holder.invokeSpecial(java.lang.Object, java.lang.Object, java.lang.Object, java.lang.Object, java.lang.Object)'> (0x0000000711ced5d0) 
thrown [s\src\hotspot\share\interpreter\linkResolver.cpp, line 759]
Event: 1.180 Thread 0x000001b84223b400 Exception <a 'sun/nio/fs/WindowsException'{0x00000007119099e8}> (0x00000007119099e8) 
thrown [s\src\hotspot\share\prims\jni.cpp, line 516]
Event: 1.189 Thread 0x000001b84223b400 Exception <a 'java/lang/NoSuchMethodError'{0x000000071192f0e0}: 'int java.lang.invoke.DirectMethodHandle$Holder.invokeStaticInit(java.lang.Object, java.lang.Object, java.lang.Object, java.lang.Object)'> (0x000000071192f0e0) 
thrown [s\src\hotspot\share\interpreter\linkResolver.cpp, line 759]
Event: 1.190 Thread 0x000001b84223b400 Exception <a 'java/lang/NoSuchMethodError'{0x00000007119388f0}: 'java.lang.Object java.lang.invoke.DirectMethodHandle$Holder.invokeInterface(java.lang.Object, java.lang.Object)'> (0x00000007119388f0) 
thrown [s\src\hotspot\share\interpreter\linkResolver.cpp, line 759]
Event: 1.190 Thread 0x000001b84223b400 Exception <a 'java/lang/IncompatibleClassChangeError'{0x000000071193c0e8}: Found class java.lang.Object, but interface was expected> (0x000000071193c0e8) 
thrown [s\src\hotspot\share\interpreter\linkResolver.cpp, line 826]
Event: 1.190 Thread 0x000001b84223b400 Exception <a 'java/lang/NoSuchMethodError'{0x00000007119415f0}: 'int java.lang.invoke.DirectMethodHandle$Holder.invokeStaticInit(java.lang.Object, java.lang.Object)'> (0x00000007119415f0) 
thrown [s\src\hotspot\share\interpreter\linkResolver.cpp, line 759]
Event: 1.257 Thread 0x000001b84223b400 Exception <a 'java/lang/NoSuchMethodError'{0x0000000711346e28}: 'java.lang.Object java.lang.invoke.DirectMethodHandle$Holder.invokeStaticInit(java.lang.Object, int, int, int, int)'> (0x0000000711346e28) 
thrown [s\src\hotspot\share\interpreter\linkResolver.cpp, line 759]
Event: 1.300 Thread 0x000001b84223b400 Exception <a 'java/lang/NoSuchMethodError'{0x000000071137fd28}: 'java.lang.Object java.lang.invoke.DirectMethodHandle$Holder.invokeStaticInit(java.lang.Object, java.lang.Object, int, int, int, int)'> (0x000000071137fd28) 
thrown [s\src\hotspot\share\interpreter\linkResolver.cpp, line 759]
Event: 1.393 Thread 0x000001b84223b400 Implicit null exception at 0x000001b82d63428c to 0x000001b82d634451
Event: 1.586 Thread 0x000001b84223b400 Implicit null exception at 0x000001b82d5da755 to 0x000001b82d5dad88

VM Operations (20 events):
Event: 1.218 Executing VM operation: HandshakeAllThreads
Event: 1.218 Executing VM operation: HandshakeAllThreads done
Event: 1.265 Executing VM operation: HandshakeAllThreads
Event: 1.265 Executing VM operation: HandshakeAllThreads done
Event: 1.306 Executing VM operation: HandshakeAllThreads
Event: 1.306 Executing VM operation: HandshakeAllThreads done
Event: 1.343 Executing VM operation: CollectForMetadataAllocation
Event: 1.348 Executing VM operation: CollectForMetadataAllocation done
Event: 1.349 Executing VM operation: G1Concurrent
Event: 1.350 Executing VM operation: G1Concurrent done
Event: 1.351 Executing VM operation: G1Concurrent
Event: 1.351 Executing VM operation: G1Concurrent done
Event: 1.404 Executing VM operation: HandshakeAllThreads
Event: 1.404 Executing VM operation: HandshakeAllThreads done
Event: 1.475 Executing VM operation: HandshakeAllThreads
Event: 1.475 Executing VM operation: HandshakeAllThreads done
Event: 1.505 Executing VM operation: HandshakeAllThreads
Event: 1.505 Executing VM operation: HandshakeAllThreads done
Event: 1.547 Executing VM operation: HandshakeAllThreads
Event: 1.547 Executing VM operation: HandshakeAllThreads done

Events (20 events):
Event: 1.513 loading class java/lang/StringUTF16$CharsSpliterator
Event: 1.513 loading class java/lang/StringUTF16$CharsSpliterator done
Event: 1.513 loading class java/text/DecimalFormat
Event: 1.513 loading class java/text/DecimalFormat done
Event: 1.514 loading class java/text/FieldPosition
Event: 1.514 loading class java/text/FieldPosition done
Event: 1.514 loading class java/text/DigitList
Event: 1.514 loading class java/text/DigitList done
Event: 1.514 loading class java/math/RoundingMode
Event: 1.514 loading class java/math/RoundingMode done
Event: 1.516 loading class java/io/StringReader
Event: 1.516 loading class java/io/StringReader done
Event: 1.543 loading class java/util/UUID
Event: 1.543 loading class java/util/UUID done
Event: 1.545 loading class java/lang/Short$ShortCache
Event: 1.545 loading class java/lang/Short$ShortCache done
Event: 1.545 loading class java/lang/Character$CharacterCache
Event: 1.545 loading class java/lang/Character$CharacterCache done
Event: 1.549 loading class java/util/Currency
Event: 1.549 loading class java/util/Currency done


Dynamic libraries:
0x00007ff7324a0000 - 0x00007ff7324ae000 	C:\Users\hp-1\.p2\pool\plugins\org.eclipse.justj.openjdk.hotspot.jre.full.win32.x86_64_17.0.5.v20221102-0933\jre\bin\javaw.exe
0x00007ff97f370000 - 0x00007ff97f584000 	C:\WINDOWS\SYSTEM32\ntdll.dll
0x00007ff97e070000 - 0x00007ff97e133000 	C:\WINDOWS\System32\KERNEL32.DLL
0x00007ff97c830000 - 0x00007ff97cbcd000 	C:\WINDOWS\System32\KERNELBASE.dll
0x00007ff97cbd0000 - 0x00007ff97cce1000 	C:\WINDOWS\System32\ucrtbase.dll
0x00007ff962630000 - 0x00007ff962649000 	C:\Users\hp-1\.p2\pool\plugins\org.eclipse.justj.openjdk.hotspot.jre.full.win32.x86_64_17.0.5.v20221102-0933\jre\bin\VCRUNTIME140.dll
0x00007ff977910000 - 0x00007ff977927000 	C:\Users\hp-1\.p2\pool\plugins\org.eclipse.justj.openjdk.hotspot.jre.full.win32.x86_64_17.0.5.v20221102-0933\jre\bin\jli.dll
0x00007ff97e610000 - 0x00007ff97e7bd000 	C:\WINDOWS\System32\USER32.dll
0x00007ff97c800000 - 0x00007ff97c826000 	C:\WINDOWS\System32\win32u.dll
0x00007ff95c840000 - 0x00007ff95cace000 	C:\WINDOWS\WinSxS\amd64_microsoft.windows.common-controls_6595b64144ccf1df_6.0.22621.608_none_a9444ca7c10bb01d\COMCTL32.dll
0x00007ff97d1e0000 - 0x00007ff97d209000 	C:\WINDOWS\System32\GDI32.dll
0x00007ff97ecc0000 - 0x00007ff97ed67000 	C:\WINDOWS\System32\msvcrt.dll
0x00007ff97cf00000 - 0x00007ff97d012000 	C:\WINDOWS\System32\gdi32full.dll
0x00007ff97ce60000 - 0x00007ff97cefa000 	C:\WINDOWS\System32\msvcp_win.dll
0x00007ff97de50000 - 0x00007ff97de82000 	C:\WINDOWS\System32\IMM32.DLL
0x00007ff9793b0000 - 0x00007ff9793bc000 	C:\Users\hp-1\.p2\pool\plugins\org.eclipse.justj.openjdk.hotspot.jre.full.win32.x86_64_17.0.5.v20221102-0933\jre\bin\vcruntime140_1.dll
0x00007ff93e8f0000 - 0x00007ff93e981000 	C:\Users\hp-1\.p2\pool\plugins\org.eclipse.justj.openjdk.hotspot.jre.full.win32.x86_64_17.0.5.v20221102-0933\jre\bin\msvcp140.dll
0x00007ff916120000 - 0x00007ff916d64000 	C:\Users\hp-1\.p2\pool\plugins\org.eclipse.justj.openjdk.hotspot.jre.full.win32.x86_64_17.0.5.v20221102-0933\jre\bin\server\jvm.dll
0x00007ff97e560000 - 0x00007ff97e60e000 	C:\WINDOWS\System32\ADVAPI32.dll
0x00007ff97e4b0000 - 0x00007ff97e554000 	C:\WINDOWS\System32\sechost.dll
0x00007ff97ed70000 - 0x00007ff97ee85000 	C:\WINDOWS\System32\RPCRT4.dll
0x00007ff961f80000 - 0x00007ff961fb4000 	C:\WINDOWS\SYSTEM32\WINMM.dll
0x00007ff9792c0000 - 0x00007ff9792c9000 	C:\WINDOWS\SYSTEM32\WSOCK32.dll
0x00007ff977410000 - 0x00007ff97741a000 	C:\WINDOWS\SYSTEM32\VERSION.dll
0x00007ff97e140000 - 0x00007ff97e1b1000 	C:\WINDOWS\System32\WS2_32.dll
0x00007ff97b7e0000 - 0x00007ff97b7f8000 	C:\WINDOWS\SYSTEM32\kernel.appcore.dll
0x00007ff979280000 - 0x00007ff97928a000 	C:\Users\hp-1\.p2\pool\plugins\org.eclipse.justj.openjdk.hotspot.jre.full.win32.x86_64_17.0.5.v20221102-0933\jre\bin\jimage.dll
0x00007ff962720000 - 0x00007ff96294e000 	C:\WINDOWS\SYSTEM32\DBGHELP.DLL
0x00007ff97dac0000 - 0x00007ff97de4a000 	C:\WINDOWS\System32\combase.dll
0x00007ff97f050000 - 0x00007ff97f127000 	C:\WINDOWS\System32\OLEAUT32.dll
0x00007ff961f40000 - 0x00007ff961f72000 	C:\WINDOWS\SYSTEM32\dbgcore.DLL
0x00007ff97d020000 - 0x00007ff97d09b000 	C:\WINDOWS\System32\bcryptPrimitives.dll
0x00007ff969000000 - 0x00007ff969025000 	C:\Users\hp-1\.p2\pool\plugins\org.eclipse.justj.openjdk.hotspot.jre.full.win32.x86_64_17.0.5.v20221102-0933\jre\bin\java.dll
0x00007ff968fe0000 - 0x00007ff968ff8000 	C:\Users\hp-1\.p2\pool\plugins\org.eclipse.justj.openjdk.hotspot.jre.full.win32.x86_64_17.0.5.v20221102-0933\jre\bin\zip.dll
0x00007ff97d210000 - 0x00007ff97d9ff000 	C:\WINDOWS\System32\SHELL32.dll
0x00007ff97a7b0000 - 0x00007ff97b078000 	C:\WINDOWS\SYSTEM32\windows.storage.dll
0x00007ff97a670000 - 0x00007ff97a7ae000 	C:\WINDOWS\SYSTEM32\wintypes.dll
0x00007ff97f230000 - 0x00007ff97f321000 	C:\WINDOWS\System32\SHCORE.dll
0x00007ff97d180000 - 0x00007ff97d1de000 	C:\WINDOWS\System32\shlwapi.dll
0x00007ff97c6c0000 - 0x00007ff97c6e1000 	C:\WINDOWS\SYSTEM32\profapi.dll
0x00007ff968fc0000 - 0x00007ff968fd9000 	C:\Users\hp-1\.p2\pool\plugins\org.eclipse.justj.openjdk.hotspot.jre.full.win32.x86_64_17.0.5.v20221102-0933\jre\bin\net.dll
0x00007ff976db0000 - 0x00007ff976edf000 	C:\WINDOWS\SYSTEM32\WINHTTP.dll
0x00007ff97bc50000 - 0x00007ff97bcb9000 	C:\WINDOWS\system32\mswsock.dll
0x00007ff968ee0000 - 0x00007ff968ef5000 	C:\Users\hp-1\.p2\pool\plugins\org.eclipse.justj.openjdk.hotspot.jre.full.win32.x86_64_17.0.5.v20221102-0933\jre\bin\nio.dll
0x000001b822310000 - 0x000001b822313000 	E:\javafx-sdk-19.0.2.1\bin\api-ms-win-core-console-l1-1-0.dll
0x000001b822320000 - 0x000001b822323000 	E:\javafx-sdk-19.0.2.1\bin\api-ms-win-core-console-l1-2-0.dll
0x000001b822330000 - 0x000001b822333000 	E:\javafx-sdk-19.0.2.1\bin\api-ms-win-core-datetime-l1-1-0.dll
0x000001b822340000 - 0x000001b822343000 	E:\javafx-sdk-19.0.2.1\bin\api-ms-win-core-debug-l1-1-0.dll
0x000001b822350000 - 0x000001b822353000 	E:\javafx-sdk-19.0.2.1\bin\api-ms-win-core-errorhandling-l1-1-0.dll
0x000001b822360000 - 0x000001b822364000 	E:\javafx-sdk-19.0.2.1\bin\api-ms-win-core-file-l1-1-0.dll
0x000001b822370000 - 0x000001b822373000 	E:\javafx-sdk-19.0.2.1\bin\api-ms-win-core-file-l1-2-0.dll
0x000001b822380000 - 0x000001b822383000 	E:\javafx-sdk-19.0.2.1\bin\api-ms-win-core-file-l2-1-0.dll
0x000001b822390000 - 0x000001b822393000 	E:\javafx-sdk-19.0.2.1\bin\api-ms-win-core-handle-l1-1-0.dll
0x000001b8223a0000 - 0x000001b8223a3000 	E:\javafx-sdk-19.0.2.1\bin\api-ms-win-core-heap-l1-1-0.dll
0x000001b8223b0000 - 0x000001b8223b3000 	E:\javafx-sdk-19.0.2.1\bin\api-ms-win-core-interlocked-l1-1-0.dll
0x000001b8223c0000 - 0x000001b8223c3000 	E:\javafx-sdk-19.0.2.1\bin\api-ms-win-core-libraryloader-l1-1-0.dll
0x000001b8433d0000 - 0x000001b8433d3000 	E:\javafx-sdk-19.0.2.1\bin\api-ms-win-core-localization-l1-2-0.dll
0x000001b8433e0000 - 0x000001b8433e3000 	E:\javafx-sdk-19.0.2.1\bin\api-ms-win-core-memory-l1-1-0.dll
0x000001b8433f0000 - 0x000001b8433f3000 	E:\javafx-sdk-19.0.2.1\bin\api-ms-win-core-namedpipe-l1-1-0.dll
0x000001b843400000 - 0x000001b843403000 	E:\javafx-sdk-19.0.2.1\bin\api-ms-win-core-processenvironment-l1-1-0.dll
0x000001b843410000 - 0x000001b843413000 	E:\javafx-sdk-19.0.2.1\bin\api-ms-win-core-processthreads-l1-1-0.dll
0x000001b843420000 - 0x000001b843423000 	E:\javafx-sdk-19.0.2.1\bin\api-ms-win-core-processthreads-l1-1-1.dll
0x000001b843430000 - 0x000001b843433000 	E:\javafx-sdk-19.0.2.1\bin\api-ms-win-core-profile-l1-1-0.dll
0x000001b843440000 - 0x000001b843443000 	E:\javafx-sdk-19.0.2.1\bin\api-ms-win-core-rtlsupport-l1-1-0.dll
0x000001b843450000 - 0x000001b843453000 	E:\javafx-sdk-19.0.2.1\bin\api-ms-win-core-string-l1-1-0.dll
0x000001b843460000 - 0x000001b843463000 	E:\javafx-sdk-19.0.2.1\bin\api-ms-win-core-synch-l1-1-0.dll
0x000001b843470000 - 0x000001b843473000 	E:\javafx-sdk-19.0.2.1\bin\api-ms-win-core-synch-l1-2-0.dll
0x000001b843480000 - 0x000001b843483000 	E:\javafx-sdk-19.0.2.1\bin\api-ms-win-core-sysinfo-l1-1-0.dll
0x000001b843490000 - 0x000001b843493000 	E:\javafx-sdk-19.0.2.1\bin\api-ms-win-core-timezone-l1-1-0.dll
0x000001b8434a0000 - 0x000001b8434a3000 	E:\javafx-sdk-19.0.2.1\bin\api-ms-win-core-util-l1-1-0.dll
0x000001b8434b0000 - 0x000001b8434b3000 	E:\javafx-sdk-19.0.2.1\bin\api-ms-win-crt-conio-l1-1-0.dll
0x000001b8434c0000 - 0x000001b8434c4000 	E:\javafx-sdk-19.0.2.1\bin\api-ms-win-crt-convert-l1-1-0.dll
0x000001b8434d0000 - 0x000001b8434d3000 	E:\javafx-sdk-19.0.2.1\bin\api-ms-win-crt-environment-l1-1-0.dll
0x000001b8434e0000 - 0x000001b8434e3000 	E:\javafx-sdk-19.0.2.1\bin\api-ms-win-crt-filesystem-l1-1-0.dll
0x000001b8434f0000 - 0x000001b8434f3000 	E:\javafx-sdk-19.0.2.1\bin\api-ms-win-crt-heap-l1-1-0.dll
0x000001b843500000 - 0x000001b843503000 	E:\javafx-sdk-19.0.2.1\bin\api-ms-win-crt-locale-l1-1-0.dll
0x000001b843510000 - 0x000001b843515000 	E:\javafx-sdk-19.0.2.1\bin\api-ms-win-crt-math-l1-1-0.dll
0x000001b843520000 - 0x000001b843525000 	E:\javafx-sdk-19.0.2.1\bin\api-ms-win-crt-multibyte-l1-1-0.dll
0x000001b843530000 - 0x000001b843540000 	E:\javafx-sdk-19.0.2.1\bin\api-ms-win-crt-private-l1-1-0.dll
0x000001b843540000 - 0x000001b843543000 	E:\javafx-sdk-19.0.2.1\bin\api-ms-win-crt-process-l1-1-0.dll
0x000001b843550000 - 0x000001b843554000 	E:\javafx-sdk-19.0.2.1\bin\api-ms-win-crt-runtime-l1-1-0.dll
0x000001b843560000 - 0x000001b843564000 	E:\javafx-sdk-19.0.2.1\bin\api-ms-win-crt-stdio-l1-1-0.dll
0x000001b843570000 - 0x000001b843574000 	E:\javafx-sdk-19.0.2.1\bin\api-ms-win-crt-string-l1-1-0.dll
0x000001b843580000 - 0x000001b843583000 	E:\javafx-sdk-19.0.2.1\bin\api-ms-win-crt-time-l1-1-0.dll
0x000001b843590000 - 0x000001b843593000 	E:\javafx-sdk-19.0.2.1\bin\api-ms-win-crt-utility-l1-1-0.dll
0x00007ff91f4f0000 - 0x00007ff91f5ec000 	E:\javafx-sdk-19.0.2.1\bin\ucrtbase.dll
0x00007ff9616a0000 - 0x00007ff9616bb000 	E:\javafx-sdk-19.0.2.1\bin\vcruntime140.dll
0x00007ff977900000 - 0x00007ff97790c000 	E:\javafx-sdk-19.0.2.1\bin\vcruntime140_1.dll
0x00007ff93e860000 - 0x00007ff93e8ee000 	E:\javafx-sdk-19.0.2.1\bin\msvcp140.dll
0x00007ff9625f0000 - 0x00007ff9625f9000 	E:\javafx-sdk-19.0.2.1\bin\msvcp140_1.dll
0x00007ff961480000 - 0x00007ff9614b0000 	E:\javafx-sdk-19.0.2.1\bin\msvcp140_2.dll
0x00007ff95db40000 - 0x00007ff95db6c000 	E:\javafx-sdk-19.0.2.1\bin\prism_d3d.dll
0x00007ff918d40000 - 0x00007ff918ee9000 	C:\WINDOWS\system32\d3d9.dll
0x00007ff97a1f0000 - 0x00007ff97a21b000 	C:\WINDOWS\SYSTEM32\dwmapi.dll
0x00007ff979fb0000 - 0x00007ff979fe6000 	C:\WINDOWS\SYSTEM32\dxcore.dll
0x00007ff979de0000 - 0x00007ff979e8b000 	C:\WINDOWS\system32\uxtheme.dll
0x00007ff91e080000 - 0x00007ff91e22c000 	C:\WINDOWS\System32\DriverStore\FileRepository\iigd_dch.inf_amd64_6cad38383965216e\igdumdim64.dll
0x00007ff97e310000 - 0x00007ff97e4ac000 	C:\WINDOWS\System32\ole32.dll
0x00007ff90e420000 - 0x00007ff912c7b000 	C:\WINDOWS\System32\DriverStore\FileRepository\iigd_dch.inf_amd64_6cad38383965216e\igd9dxva64.dll
0x00007ff97e830000 - 0x00007ff97ecaa000 	C:\WINDOWS\System32\SETUPAPI.dll
0x00007ff97c350000 - 0x00007ff97c39e000 	C:\WINDOWS\SYSTEM32\cfgmgr32.dll
0x00007ff96ff60000 - 0x00007ff97036a000 	C:\WINDOWS\System32\DriverStore\FileRepository\iigd_dch.inf_amd64_6cad38383965216e\igdgmm64.dll
0x00007ff976940000 - 0x00007ff976989000 	C:\WINDOWS\SYSTEM32\directxdatabasehelper.dll
0x00007ff95ad90000 - 0x00007ff95add2000 	E:\javafx-sdk-19.0.2.1\bin\glass.dll
0x00007ff97f130000 - 0x00007ff97f227000 	C:\WINDOWS\System32\COMDLG32.dll
0x00007ff97de90000 - 0x00007ff97dfae000 	C:\WINDOWS\System32\MSCTF.dll
0x00007ff937fe0000 - 0x00007ff938007000 	C:\WINDOWS\System32\DriverStore\FileRepository\iigd_dch.inf_amd64_6cad38383965216e\igdinfo64.dll
0x00007ff96aa80000 - 0x00007ff96f0f0000 	C:\WINDOWS\System32\DriverStore\FileRepository\iigd_dch.inf_amd64_6cad38383965216e\igc64.dll
0x00007ff95ad70000 - 0x00007ff95ad84000 	E:\javafx-sdk-19.0.2.1\bin\javafx_font.dll
0x00007ff978440000 - 0x00007ff9786a7000 	C:\WINDOWS\SYSTEM32\dwrite.dll
0x00007ff95a5d0000 - 0x00007ff95a61a000 	C:\Windows\System32\libzkfp.dll
0x00007ff91f3f0000 - 0x00007ff91f4e2000 	C:\WINDOWS\SYSTEM32\fpslib.dll
0x00007ff95a7a0000 - 0x00007ff95a7be000 	C:\WINDOWS\SYSTEM32\ZKFPCap.dll
0x00007ff97b2d0000 - 0x00007ff97b2fd000 	C:\WINDOWS\SYSTEM32\IPHLPAPI.DLL
0x00007ff95a740000 - 0x00007ff95a75d000 	C:\WINDOWS\SYSTEM32\ZKFPSensors\libidfprcap.dll
0x00007ff959b40000 - 0x00007ff959b6d000 	C:\WINDOWS\SYSTEM32\ZKFPSensors\libsilkidcap.dll
0x00007ff95a580000 - 0x00007ff95a59c000 	C:\WINDOWS\SYSTEM32\libzksensorcore.dll
0x0000000057d80000 - 0x0000000057d95000 	C:\WINDOWS\SYSTEM32\libusb0.dll
0x00007ff93f7a0000 - 0x00007ff93f7e8000 	C:\WINDOWS\SYSTEM32\ZKFPSensors\libzklibcap.dll
0x0000000180000000 - 0x0000000180022000 	C:\WINDOWS\SYSTEM32\zkfpslibLow.dll
0x000001b849a40000 - 0x000001b84a150000 	C:\WINDOWS\SYSTEM32\fppswsk.dll
0x00007ff97ecb0000 - 0x00007ff97ecb8000 	C:\WINDOWS\System32\PSAPI.DLL
0x00007ff94f510000 - 0x00007ff94f5aa000 	C:\WINDOWS\SYSTEM32\WINSPOOL.DRV
0x00007ff97c3c0000 - 0x00007ff97c3f3000 	C:\WINDOWS\SYSTEM32\DEVOBJ.dll
0x00007ff97c790000 - 0x00007ff97c7fb000 	C:\WINDOWS\System32\WINTRUST.dll
0x00007ff97ccf0000 - 0x00007ff97ce56000 	C:\WINDOWS\System32\CRYPT32.dll
0x00007ff97bf00000 - 0x00007ff97bf12000 	C:\WINDOWS\SYSTEM32\MSASN1.dll
0x00007ff959c80000 - 0x00007ff959c97000 	C:\WINDOWS\system32\napinsp.dll

dbghelp: loaded successfully - version: 4.0.5 - missing functions: none
symbol engine: initialized successfully - sym options: 0x614 - pdb path: .;C:\Users\hp-1\.p2\pool\plugins\org.eclipse.justj.openjdk.hotspot.jre.full.win32.x86_64_17.0.5.v20221102-0933\jre\bin;C:\WINDOWS\SYSTEM32;C:\WINDOWS\WinSxS\amd64_microsoft.windows.common-controls_6595b64144ccf1df_6.0.22621.608_none_a9444ca7c10bb01d;C:\Users\hp-1\.p2\pool\plugins\org.eclipse.justj.openjdk.hotspot.jre.full.win32.x86_64_17.0.5.v20221102-0933\jre\bin\server;E:\javafx-sdk-19.0.2.1\bin;C:\WINDOWS\System32\DriverStore\FileRepository\iigd_dch.inf_amd64_6cad38383965216e;C:\WINDOWS\SYSTEM32\ZKFPSensors

VM Arguments:
jvm_args: --module-path=E:\javafx-sdk-19.0.2.1\lib --add-modules=javafx.controls,javafx.fxml -Dfile.encoding=UTF-8 -XX:+ShowCodeDetailsInExceptionMessages 
java_command: sample.Main
java_class_path (initial): F:\finger\sample\bin;E:\javafx-sdk-19.0.2.1\lib\javafx.base.jar;E:\javafx-sdk-19.0.2.1\lib\javafx.controls.jar;E:\javafx-sdk-19.0.2.1\lib\javafx.fxml.jar;E:\javafx-sdk-19.0.2.1\lib\javafx.graphics.jar;E:\javafx-sdk-19.0.2.1\lib\javafx.media.jar;E:\javafx-sdk-19.0.2.1\lib\javafx.swing.jar;E:\javafx-sdk-19.0.2.1\lib\javafx.web.jar;E:\javafx-sdk-19.0.2.1\lib\javafx-swt.jar;E:\ZKFinger SDK V10.0-Windows-Lite\Java\lib\ZKFingerReader.jar;E:\jdbc.jar;E:\mysql-connector-j-8.0.32.zip;E:\mysql-connector-j-8.0.32\mysql-connector-j-8.0.32.jar;F:\Fingerprint reader\API\API\java-json.jar;F:\Fingerprint reader\Main\finger\sample\jackson-core-2.2.3.jar;F:\Fingerprint reader\Main\finger\sample\com.fasterxml.jackson.databind.jar;F:\Fingerprint reader\Main\finger\sample\jackson-annotations-2.1.2.jar;F:\New folder (2)\org-apache-commons-codec.jar
Launcher Type: SUN_STANDARD

[Global flags]
     intx CICompilerCount                          = 4                                         {product} {ergonomic}
     uint ConcGCThreads                            = 2                                         {product} {ergonomic}
     uint G1ConcRefinementThreads                  = 8                                         {product} {ergonomic}
   size_t G1HeapRegionSize                         = 2097152                                   {product} {ergonomic}
    uintx GCDrainStackTargetSize                   = 64                                        {product} {ergonomic}
   size_t InitialHeapSize                          = 266338304                                 {product} {ergonomic}
   size_t MarkStackSize                            = 4194304                                   {product} {ergonomic}
   size_t MaxHeapSize                              = 4250927104                                {product} {ergonomic}
   size_t MaxNewSize                               = 2550136832                                {product} {ergonomic}
   size_t MinHeapDeltaBytes                        = 2097152                                   {product} {ergonomic}
   size_t MinHeapSize                              = 8388608                                   {product} {ergonomic}
    uintx NonNMethodCodeHeapSize                   = 5839372                                {pd product} {ergonomic}
    uintx NonProfiledCodeHeapSize                  = 122909434                              {pd product} {ergonomic}
    uintx ProfiledCodeHeapSize                     = 122909434                              {pd product} {ergonomic}
    uintx ReservedCodeCacheSize                    = 251658240                              {pd product} {ergonomic}
     bool SegmentedCodeCache                       = true                                      {product} {ergonomic}
     bool ShowCodeDetailsInExceptionMessages       = true                                   {manageable} {command line}
   size_t SoftMaxHeapSize                          = 4250927104                             {manageable} {ergonomic}
     bool UseCompressedClassPointers               = true                           {product lp64_product} {ergonomic}
     bool UseCompressedOops                        = true                           {product lp64_product} {ergonomic}
     bool UseG1GC                                  = true                                      {product} {ergonomic}
     bool UseLargePagesIndividualAllocation        = false                                  {pd product} {ergonomic}

Logging:
Log output configuration:
 #0: stdout all=warning uptime,level,tags
 #1: stderr all=off uptime,level,tags

Environment Variables:
PATH=C:/Users/hp-1/.p2/pool/plugins/org.eclipse.justj.openjdk.hotspot.jre.full.win32.x86_64_17.0.5.v20221102-0933/jre/bin/server;C:/Users/hp-1/.p2/pool/plugins/org.eclipse.justj.openjdk.hotspot.jre.full.win32.x86_64_17.0.5.v20221102-0933/jre/bin;C:\Program Files (x86)\Common Files\Oracle\Java\javapath;C:\WINDOWS\system32;C:\WINDOWS;C:\WINDOWS\System32\Wbem;C:\WINDOWS\System32\WindowsPowerShell\v1.0\;C:\WINDOWS\System32\OpenSSH\;C:\Program Files\MySQL\MySQL Shell 8.0\bin\;C:\Users\hp-1\AppData\Local\Programs\Python\Python311\Scripts\;C:\Users\hp-1\AppData\Local\Programs\Python\Python311\;C:\Users\hp-1\AppData\Local\Microsoft\WindowsApps;;C:\Users\hp-1\Desktop;
USERNAME=hp-1
OS=Windows_NT
PROCESSOR_IDENTIFIER=Intel64 Family 6 Model 165 Stepping 3, GenuineIntel
TMP=C:\Users\hp-1\AppData\Local\Temp
TEMP=C:\Users\hp-1\AppData\Local\Temp



---------------  S Y S T E M  ---------------

OS:
 Windows 11 , 64 bit Build 22621 (10.0.22621.1105)
OS uptime: 1 days 20:16 hours

CPU: total 8 (initial active 8) (4 cores per cpu, 2 threads per core) family 6 model 165 stepping 3 microcode 0xea, cx8, cmov, fxsr, ht, mmx, 3dnowpref, sse, sse2, sse3, ssse3, sse4.1, sse4.2, popcnt, lzcnt, tsc, tscinvbit, avx, avx2, aes, erms, clmul, bmi1, bmi2, adx, fma, vzeroupper, clflush, clflushopt

Memory: 4k page, system-wide physical 16212M (9185M free)
TotalPageFile size 23380M (AvailPageFile size 12877M)
current process WorkingSet (physical memory assigned to process): 143M, peak: 150M
current process commit charge ("private bytes"): 193M, peak: 409M

vm_info: OpenJDK 64-Bit Server VM (17.0.5+8) for windows-amd64 JRE (17.0.5+8), built on Oct 19 2022 04:48:13 by "temurin" with MS VC++ 16.7 (VS2019)

END.
