#
# A fatal error has been detected by the Java Runtime Environment:
#
#  EXCEPTION_ACCESS_VIOLATION (0xc0000005) at pc=0x00007ff91612c7f0, pid=16960, tid=12856
#
# JRE version: OpenJDK Runtime Environment Temurin-17.0.5+8 (17.0.5+8) (build 17.0.5+8)
# Java VM: OpenJDK 64-Bit Server VM Temurin-17.0.5+8 (17.0.5+8, mixed mode, tiered, compressed oops, compressed class ptrs, g1 gc, windows-amd64)
# Problematic frame:
# V  [jvm.dll+0xc7f0]
#
# No core dump will be written. Minidumps are not enabled by default on client versions of Windows
#
# If you would like to submit a bug report, please visit:
#   https://github.com/adoptium/adoptium-support/issues
#

---------------  S U M M A R Y ------------

Command Line: --module-path=E:\javafx-sdk-19.0.2.1\lib --add-modules=javafx.controls,javafx.fxml -Dfile.encoding=UTF-8 -XX:+ShowCodeDetailsInExceptionMessages sample.Main

Host: Intel(R) Core(TM) i3-10100 CPU @ 3.60GHz, 8 cores, 15G,  Windows 11 , 64 bit Build 22621 (10.0.22621.1105)
Time: Thu Feb  2 12:51:30 2023 Bangladesh Standard Time elapsed time: 1.850328 seconds (0d 0h 0m 1s)

---------------  T H R E A D  ---------------

Current thread (0x00000209f47f8d90):  JavaThread "JavaFX Application Thread" [_thread_in_vm, id=12856, stack(0x0000001ab3100000,0x0000001ab3200000)]

Stack: [0x0000001ab3100000,0x0000001ab3200000],  sp=0x0000001ab31fdb88,  free space=1014k
Native frames: (J=compiled Java code, j=interpreted, Vv=VM code, C=native code)
V  [jvm.dll+0xc7f0]

Java frames: (J=compiled Java code, j=interpreted, Vv=VM code)
j  com.zkteco.biometric.ZKFPService.Base64ToBlob(Ljava/lang/String;[BI)I+0
j  com.zkteco.biometric.FingerprintSensorEx.Base64ToBlob(Ljava/lang/String;[BI)I+3
j  sample.Controller.fetchDataFromDB()V+429
j  sample.Controller.initialize(Ljava/net/URL;Ljava/util/ResourceBundle;)V+18
j  javafx.fxml.FXMLLoader.loadImpl(Ljava/io/InputStream;Ljava/lang/Class;)Ljava/lang/Object;+269 javafx.fxml@19.0.2.1
j  javafx.fxml.FXMLLoader.loadImpl(Ljava/lang/Class;)Ljava/lang/Object;+31 javafx.fxml@19.0.2.1
j  javafx.fxml.FXMLLoader.loadImpl(Ljava/net/URL;Ljava/util/ResourceBundle;Ljavafx/util/BuilderFactory;Ljavafx/util/Callback;Ljava/nio/charset/Charset;Ljava/lang/Class;)Ljava/lang/Object;+34 javafx.fxml@19.0.2.1
j  javafx.fxml.FXMLLoader.loadImpl(Ljava/net/URL;Ljava/util/ResourceBundle;Ljavafx/util/BuilderFactory;Ljavafx/util/Callback;Ljava/lang/Class;)Ljava/lang/Object;+11 javafx.fxml@19.0.2.1
j  javafx.fxml.FXMLLoader.loadImpl(Ljava/net/URL;Ljava/util/ResourceBundle;Ljavafx/util/BuilderFactory;Ljava/lang/Class;)Ljava/lang/Object;+5 javafx.fxml@19.0.2.1
j  javafx.fxml.FXMLLoader.loadImpl(Ljava/net/URL;Ljava/util/ResourceBundle;Ljava/lang/Class;)Ljava/lang/Object;+4 javafx.fxml@19.0.2.1
j  javafx.fxml.FXMLLoader.loadImpl(Ljava/net/URL;Ljava/lang/Class;)Ljava/lang/Object;+3 javafx.fxml@19.0.2.1
j  javafx.fxml.FXMLLoader.load(Ljava/net/URL;)Ljava/lang/Object;+17 javafx.fxml@19.0.2.1
j  sample.Main.start(Ljavafx/stage/Stage;)V+9
j  com.sun.javafx.application.LauncherImpl.lambda$launchApplication1$9(Ljava/util/concurrent/atomic/AtomicBoolean;Ljavafx/application/Application;)V+20 javafx.graphics@19.0.2.1
j  com.sun.javafx.application.LauncherImpl$$Lambda$102+0x00000008000ffaf0.run()V+8 javafx.graphics@19.0.2.1
j  com.sun.javafx.application.PlatformImpl.lambda$runAndWait$12(Ljava/lang/Runnable;Ljava/util/concurrent/CountDownLatch;)V+1 javafx.graphics@19.0.2.1
j  com.sun.javafx.application.PlatformImpl$$Lambda$95+0x00000008000fd3c0.run()V+8 javafx.graphics@19.0.2.1
j  com.sun.javafx.application.PlatformImpl.lambda$runLater$10(Ljava/lang/Runnable;)Ljava/lang/Void;+1 javafx.graphics@19.0.2.1
j  com.sun.javafx.application.PlatformImpl$$Lambda$97+0x00000008000fe630.run()Ljava/lang/Object;+4 javafx.graphics@19.0.2.1
j  java.security.AccessController.executePrivileged(Ljava/security/PrivilegedAction;Ljava/security/AccessControlContext;Ljava/lang/Class;)Ljava/lang/Object;+29 java.base@17.0.5
j  java.security.AccessController.doPrivileged(Ljava/security/PrivilegedAction;Ljava/security/AccessControlContext;)Ljava/lang/Object;+13 java.base@17.0.5
j  com.sun.javafx.application.PlatformImpl.lambda$runLater$11(Ljava/lang/Runnable;Ljava/security/AccessControlContext;)V+7 javafx.graphics@19.0.2.1
j  com.sun.javafx.application.PlatformImpl$$Lambda$96+0x00000008000fd9c8.run()V+8 javafx.graphics@19.0.2.1
j  com.sun.glass.ui.InvokeLaterDispatcher$Future.run()V+4 javafx.graphics@19.0.2.1
v  ~StubRoutines::call_stub
j  com.sun.glass.ui.win.WinApplication._runLoop(Ljava/lang/Runnable;)V+0 javafx.graphics@19.0.2.1
j  com.sun.glass.ui.win.WinApplication.lambda$runLoop$3(ILjava/lang/Runnable;)V+8 javafx.graphics@19.0.2.1
j  com.sun.glass.ui.win.WinApplication$$Lambda$85+0x00000008000ec040.run()V+12 javafx.graphics@19.0.2.1
j  java.lang.Thread.run()V+11 java.base@17.0.5
v  ~StubRoutines::call_stub

siginfo: EXCEPTION_ACCESS_VIOLATION (0xc0000005), reading address 0x0000000000000000


Register to memory mapping:

RIP=0x00007ff91612c7f0 jvm.dll
RAX=0x0 is NULL
RBX=0x00000209f47f8d90 is a thread
RCX=0x0 is NULL
RDX=0x0 is NULL
RSP=0x0000001ab31fdb88 is pointing into the stack for thread: 0x00000209f47f8d90
RBP=0x0000001ab31fdd08 is pointing into the stack for thread: 0x00000209f47f8d90
RSI=0x0 is NULL
RDI=0x0 is NULL
R8 =0x0 is NULL
R9 =0x00007ff916c1d7d0 jvm.dll
R10=0x0000000703f21248 is pointing into object: [B 
{0x0000000703f21238} - klass: {type array byte}
 - length: 2048
R11=0x00000209f5fa2e10 points into unknown readable memory: 0x0000000000000000 | 00 00 00 00 00 00 00 00
R12=0x0000001ab31fdd30 is pointing into the stack for thread: 0x00000209f47f8d90
R13={method} {0x00000209f75a62c0} 'Base64ToBlob' '(Ljava/lang/String;[BI)I' in 'com/zkteco/biometric/ZKFPService'
R14=0x0 is NULL
R15=0x00000209f47f8d90 is a thread


Registers:
RAX=0x0000000000000000, RBX=0x00000209f47f8d90, RCX=0x0000000000000000, RDX=0x0000000000000000
RSP=0x0000001ab31fdb88, RBP=0x0000001ab31fdd08, RSI=0x0000000000000000, RDI=0x0000000000000000
R8 =0x0000000000000000, R9 =0x00007ff916c1d7d0, R10=0x0000000703f21248, R11=0x00000209f5fa2e10
R12=0x0000001ab31fdd30, R13=0x00000209f75a62b8, R14=0x0000000000000000, R15=0x00000209f47f8d90
RIP=0x00007ff91612c7f0, EFLAGS=0x0000000000010246

Top of Stack: (sp=0x0000001ab31fdb88)
0x0000001ab31fdb88:   00007ff91650637a 0000000000000000
0x0000001ab31fdb98:   0000000000000000 00000209f4e00218
0x0000001ab31fdba8:   0000000000000000 00000209f47f8d90
0x0000001ab31fdbb8:   0000000000000000 0000000000000000
0x0000001ab31fdbc8:   00007ff916507b55 00000209f47f8d90
0x0000001ab31fdbd8:   0000000000000000 0000001ab31fdbe0
0x0000001ab31fdbe8:   00000209f4de3600 00000209f5fa2e10
0x0000001ab31fdbf8:   00000209f47f9038 0000000000000000
0x0000001ab31fdc08:   00007ff95a5d3bd4 0000001ab31fdd08
0x0000001ab31fdc18:   0000001ab31fdd38 0000001ab31fdd38
0x0000001ab31fdc28:   00000209f47f8d90 00000209d8b294fe
0x0000001ab31fdc38:   0000000702a95500 0000000000000009
0x0000001ab31fdc48:   0000001ab31fdc10 00000209f5fa2e10
0x0000001ab31fdc58:   00000209f4dec25b 0000000000000000
0x0000001ab31fdc68:   00000209d8b294fe 0000000000000013
0x0000001ab31fdc78:   00000209d8b2d621 00000209f47f9038 

Instructions: (pc=0x00007ff91612c7f0)
0x00007ff91612c6f0:   00 00 00 48 8b 41 38 48 8b 80 88 09 00 00 48 8b
0x00007ff91612c700:   48 08 48 8b 40 50 48 d3 ea 80 3c 02 01 0f 85 cd
0x00007ff91612c710:   00 00 00 48 8b 13 0f b6 c2 24 03 3c 03 75 19 48
0x00007ff91612c720:   83 e2 fc 74 13 48 3b da 74 11 48 8b c2 48 8b 5c
0x00007ff91612c730:   24 38 48 83 c4 20 5e c3 48 8b d3 48 8b 46 38 0f
0x00007ff91612c740:   be 88 f0 02 00 00 c1 e9 02 f6 c1 01 74 dc 48 89
0x00007ff91612c750:   7c 24 30 e8 28 e5 ff ff 48 8b 0d 09 13 b9 00 48
0x00007ff91612c760:   8b f8 48 81 c1 90 09 00 00 8b 41 40 0f b6 57 21
0x00007ff91612c770:   8d 42 01 88 47 21 84 d2 75 0a 48 8b d7 e8 9e 96
0x00007ff91612c780:   6f 00 eb 20 80 7f 22 00 75 1a 8b 41 40 85 05 51
0x00007ff91612c790:   86 9a 00 74 0f b8 ff ff ff ff f0 0f c1 41 40 e8
0x00007ff91612c7a0:   cc 96 6f 00 48 8b 4e 38 4c 8b c7 48 8b d3 e8 dd
0x00007ff91612c7b0:   f7 ff ff 0f b6 4f 21 48 8b d8 48 8b 15 a7 12 b9
0x00007ff91612c7c0:   00 8d 41 ff 88 47 21 80 f9 01 77 0f 48 8d 8a 90
0x00007ff91612c7d0:   09 00 00 48 8b d7 e8 75 96 6f 00 48 8b 7c 24 30
0x00007ff91612c7e0:   48 8b c3 48 8b 5c 24 38 48 83 c4 20 5e c3 cc cc
0x00007ff91612c7f0:   48 8b 01 c3 cc cc cc cc cc cc cc cc cc cc cc cc
0x00007ff91612c800:   4c 8b 01 4c 8b c9 48 8b 0d 83 a3 b4 00 ba 44 60
0x00007ff91612c810:   08 00 e9 59 f2 ff ff cc cc cc cc cc cc cc cc cc
0x00007ff91612c820:   48 89 5c 24 08 57 48 83 ec 20 48 8b 39 48 8b d9
0x00007ff91612c830:   48 85 3d 31 81 b9 00 75 0e 48 8b c7 48 8b 5c 24
0x00007ff91612c840:   30 48 83 c4 20 5f c3 48 8b cf e8 b1 5a 85 00 48
0x00007ff91612c850:   8b d0 48 85 c0 74 20 48 8b c7 f0 48 0f b1 13 74
0x00007ff91612c860:   16 48 85 05 00 81 b9 00 74 0d 48 8b c8 f0 48 0f
0x00007ff91612c870:   b1 13 48 3b c1 75 ea 48 8b 5c 24 30 48 8b c2 48
0x00007ff91612c880:   83 c4 20 5f c3 cc cc cc cc cc cc cc cc cc cc cc
0x00007ff91612c890:   4c 8b 01 4c 8b c9 48 8b 0d f3 a2 b4 00 ba 64 60
0x00007ff91612c8a0:   08 00 e9 c9 f1 ff ff cc cc cc cc cc cc cc cc cc
0x00007ff91612c8b0:   8b 05 32 ea ae 00 c3 cc cc cc cc cc cc cc cc cc
0x00007ff91612c8c0:   0f b6 05 38 ab b5 00 48 8b d1 84 c0 74 16 44 8b
0x00007ff91612c8d0:   41 08 8b 0d 10 ea ae 00 49 d3 e0 4c 03 05 fe e9
0x00007ff91612c8e0:   ae 00 eb 04 4c 8b 41 08 45 8b 50 08 45 85 d2 7e 


Stack slot to memory mapping:
stack at sp + 0 slots: 0x00007ff91650637a jvm.dll
stack at sp + 1 slots: 0x0 is NULL
stack at sp + 2 slots: 0x0 is NULL
stack at sp + 3 slots: {method} {0x00000209f4e00220} 'implFlushBuffer' '()V' in 'sun/nio/cs/StreamEncoder'
stack at sp + 4 slots: 0x0 is NULL
stack at sp + 5 slots: 0x00000209f47f8d90 is a thread
stack at sp + 6 slots: 0x0 is NULL
stack at sp + 7 slots: 0x0 is NULL


---------------  P R O C E S S  ---------------

Threads class SMR info:
_java_thread_list=0x00000209f6512bb0, length=18, elements={
0x00000209d3c6d070, 0x00000209f47d5040, 0x00000209f47d7a00, 0x00000209f1e98970,
0x00000209f47f75e0, 0x00000209f47f9260, 0x00000209f47fb8e0, 0x00000209f4809080,
0x00000209f480bb30, 0x00000209f4816c20, 0x00000209f47faf40, 0x00000209f47fb410,
0x00000209f47fa5a0, 0x00000209f47f88c0, 0x00000209f47f8d90, 0x00000209f47faa70,
0x00000209f5f8b400, 0x00000209f5f8a0c0
}

Java Threads: ( => current thread )
  0x00000209d3c6d070 JavaThread "main" [_thread_blocked, id=7908, stack(0x0000001ab1a00000,0x0000001ab1b00000)]
  0x00000209f47d5040 JavaThread "Reference Handler" daemon [_thread_blocked, id=19088, stack(0x0000001ab2100000,0x0000001ab2200000)]
  0x00000209f47d7a00 JavaThread "Finalizer" daemon [_thread_blocked, id=3004, stack(0x0000001ab2200000,0x0000001ab2300000)]
  0x00000209f1e98970 JavaThread "Signal Dispatcher" daemon [_thread_blocked, id=17300, stack(0x0000001ab2300000,0x0000001ab2400000)]
  0x00000209f47f75e0 JavaThread "Attach Listener" daemon [_thread_blocked, id=16348, stack(0x0000001ab2400000,0x0000001ab2500000)]
  0x00000209f47f9260 JavaThread "Service Thread" daemon [_thread_blocked, id=13880, stack(0x0000001ab2500000,0x0000001ab2600000)]
  0x00000209f47fb8e0 JavaThread "Monitor Deflation Thread" daemon [_thread_blocked, id=11824, stack(0x0000001ab2600000,0x0000001ab2700000)]
  0x00000209f4809080 JavaThread "C2 CompilerThread0" daemon [_thread_blocked, id=12380, stack(0x0000001ab2700000,0x0000001ab2800000)]
  0x00000209f480bb30 JavaThread "C1 CompilerThread0" daemon [_thread_blocked, id=18180, stack(0x0000001ab2800000,0x0000001ab2900000)]
  0x00000209f4816c20 JavaThread "Sweeper thread" daemon [_thread_blocked, id=18592, stack(0x0000001ab2900000,0x0000001ab2a00000)]
  0x00000209f47faf40 JavaThread "Common-Cleaner" daemon [_thread_blocked, id=17256, stack(0x0000001ab2a00000,0x0000001ab2b00000)]
  0x00000209f47fb410 JavaThread "Notification Thread" daemon [_thread_blocked, id=18776, stack(0x0000001ab2d00000,0x0000001ab2e00000)]
  0x00000209f47fa5a0 JavaThread "QuantumRenderer-0" daemon [_thread_blocked, id=14396, stack(0x0000001ab2f00000,0x0000001ab3000000)]
  0x00000209f47f88c0 JavaThread "InvokeLaterDispatcher" daemon [_thread_blocked, id=19232, stack(0x0000001ab3000000,0x0000001ab3100000)]
=>0x00000209f47f8d90 JavaThread "JavaFX Application Thread" [_thread_in_vm, id=12856, stack(0x0000001ab3100000,0x0000001ab3200000)]
  0x00000209f47faa70 JavaThread "JavaFX-Launcher" [_thread_blocked, id=17728, stack(0x0000001ab3600000,0x0000001ab3700000)]
  0x00000209f5f8b400 JavaThread "Thread-2" daemon [_thread_in_native, id=12960, stack(0x0000001ab3500000,0x0000001ab3600000)]
  0x00000209f5f8a0c0 JavaThread "Keep-Alive-Timer" daemon [_thread_blocked, id=4964, stack(0x0000001ab2b00000,0x0000001ab2c00000)]

Other Threads:
  0x00000209f1e807c0 VMThread "VM Thread" [stack: 0x0000001ab2000000,0x0000001ab2100000] [id=13436]
  0x00000209f1ca6ca0 WatcherThread [stack: 0x0000001ab2e00000,0x0000001ab2f00000] [id=15232]
  0x00000209d3cdd9a0 GCTaskThread "GC Thread#0" [stack: 0x0000001ab1b00000,0x0000001ab1c00000] [id=10072]
  0x00000209f5f10000 GCTaskThread "GC Thread#1" [stack: 0x0000001ab3700000,0x0000001ab3800000] [id=14004]
  0x00000209f6088b60 GCTaskThread "GC Thread#2" [stack: 0x0000001ab3800000,0x0000001ab3900000] [id=6436]
  0x00000209f602bbe0 GCTaskThread "GC Thread#3" [stack: 0x0000001ab3900000,0x0000001ab3a00000] [id=828]
  0x00000209f6024430 GCTaskThread "GC Thread#4" [stack: 0x0000001ab3a00000,0x0000001ab3b00000] [id=7812]
  0x00000209f5e53b10 GCTaskThread "GC Thread#5" [stack: 0x0000001ab3b00000,0x0000001ab3c00000] [id=3732]
  0x00000209f60eae50 GCTaskThread "GC Thread#6" [stack: 0x0000001ab2c00000,0x0000001ab2d00000] [id=14316]
  0x00000209f60ea390 GCTaskThread "GC Thread#7" [stack: 0x0000001ab3c00000,0x0000001ab3d00000] [id=11192]
  0x00000209d3d2cbc0 ConcurrentGCThread "G1 Main Marker" [stack: 0x0000001ab1c00000,0x0000001ab1d00000] [id=15036]
  0x00000209d3d2e380 ConcurrentGCThread "G1 Conc#0" [stack: 0x0000001ab1d00000,0x0000001ab1e00000] [id=18260]
  0x00000209f60e9b80 ConcurrentGCThread "G1 Conc#1" [stack: 0x0000001ab3d00000,0x0000001ab3e00000] [id=5720]
  0x00000209f1d760f0 ConcurrentGCThread "G1 Refine#0" [stack: 0x0000001ab1e00000,0x0000001ab1f00000] [id=10796]
  0x00000209f1d768b0 ConcurrentGCThread "G1 Service" [stack: 0x0000001ab1f00000,0x0000001ab2000000] [id=868]

Threads with active compile tasks:

VM state: not at safepoint (normal execution)

VM Mutex/Monitor currently owned by a thread: None

Heap address: 0x0000000702a00000, size: 4054 MB, Compressed Oops mode: Zero based, Oop shift amount: 3

CDS archive(s) not mapped
Compressed class space mapped at: 0x0000000800000000-0x0000000840000000, reserved size: 1073741824
Narrow klass base: 0x0000000800000000, Narrow klass shift: 0, Narrow klass range: 0x40000000

GC Precious Log:
 CPUs: 8 total, 8 available
 Memory: 16212M
 Large Page Support: Disabled
 NUMA Support: Disabled
 Compressed Oops: Enabled (Zero based)
 Heap Region Size: 2M
 Heap Min Capacity: 8M
 Heap Initial Capacity: 254M
 Heap Max Capacity: 4054M
 Pre-touch: Disabled
 Parallel Workers: 8
 Concurrent Workers: 2
 Concurrent Refinement Workers: 8
 Periodic GC: Disabled

Heap:
 garbage-first heap   total 40960K, used 20873K [0x0000000702a00000, 0x0000000800000000)
  region size 2048K, 10 young (20480K), 3 survivors (6144K)
 Metaspace       used 26190K, committed 26432K, reserved 1073152K
  class space    used 2985K, committed 3072K, reserved 1048576K

Heap Regions: E=young(eden), S=young(survivor), O=old, HS=humongous(starts), HC=humongous(continues), CS=collection set, F=free, OA=open archive, CA=closed archive, TAMS=top-at-mark-start (previous, next)
|   0|0x0000000702a00000, 0x0000000702c00000, 0x0000000702c00000|100%| O|  |TAMS 0x0000000702a00000, 0x0000000702a00000| Untracked 
|   1|0x0000000702c00000, 0x0000000702d28600, 0x0000000702e00000| 57%| O|  |TAMS 0x0000000702c00000, 0x0000000702c00000| Complete 
|   2|0x0000000702e00000, 0x0000000702e00000, 0x0000000703000000|  0%| F|  |TAMS 0x0000000702e00000, 0x0000000702e00000| Untracked 
|   3|0x0000000703000000, 0x0000000703000000, 0x0000000703200000|  0%| F|  |TAMS 0x0000000703000000, 0x0000000703000000| Untracked 
|   4|0x0000000703200000, 0x0000000703200000, 0x0000000703400000|  0%| F|  |TAMS 0x0000000703200000, 0x0000000703200000| Untracked 
|   5|0x0000000703400000, 0x0000000703400000, 0x0000000703600000|  0%| F|  |TAMS 0x0000000703400000, 0x0000000703400000| Untracked 
|   6|0x0000000703600000, 0x0000000703600000, 0x0000000703800000|  0%| F|  |TAMS 0x0000000703600000, 0x0000000703600000| Untracked 
|   7|0x0000000703800000, 0x0000000703800000, 0x0000000703a00000|  0%| F|  |TAMS 0x0000000703800000, 0x0000000703800000| Untracked 
|   8|0x0000000703a00000, 0x0000000703a00000, 0x0000000703c00000|  0%| F|  |TAMS 0x0000000703a00000, 0x0000000703a00000| Untracked 
|   9|0x0000000703c00000, 0x0000000703c00000, 0x0000000703e00000|  0%| F|  |TAMS 0x0000000703c00000, 0x0000000703c00000| Untracked 
|  10|0x0000000703e00000, 0x0000000704000000, 0x0000000704000000|100%| E|  |TAMS 0x0000000703e00000, 0x0000000703e00000| Complete 
|  11|0x0000000704000000, 0x0000000704200000, 0x0000000704200000|100%| E|CS|TAMS 0x0000000704000000, 0x0000000704000000| Complete 
|  12|0x0000000704200000, 0x0000000704400000, 0x0000000704400000|100%| E|CS|TAMS 0x0000000704200000, 0x0000000704200000| Complete 
|  13|0x0000000704400000, 0x0000000704600000, 0x0000000704600000|100%| E|CS|TAMS 0x0000000704400000, 0x0000000704400000| Complete 
|  14|0x0000000704600000, 0x0000000704800000, 0x0000000704800000|100%| E|CS|TAMS 0x0000000704600000, 0x0000000704600000| Complete 
|  15|0x0000000704800000, 0x0000000704a00000, 0x0000000704a00000|100%| E|CS|TAMS 0x0000000704800000, 0x0000000704800000| Complete 
| 110|0x0000000710600000, 0x0000000710739e08, 0x0000000710800000| 61%| S|CS|TAMS 0x0000000710600000, 0x0000000710600000| Complete 
| 111|0x0000000710800000, 0x0000000710a00000, 0x0000000710a00000|100%| S|CS|TAMS 0x0000000710800000, 0x0000000710800000| Complete 
| 112|0x0000000710a00000, 0x0000000710c00000, 0x0000000710c00000|100%| S|CS|TAMS 0x0000000710a00000, 0x0000000710a00000| Complete 
| 126|0x0000000712600000, 0x0000000712800000, 0x0000000712800000|100%| E|CS|TAMS 0x0000000712600000, 0x0000000712600000| Complete 

Card table byte_map: [0x00000209e8d70000,0x00000209e9560000] _byte_map_base: 0x00000209e555b000

Marking Bits (Prev, Next): (CMBitMap*) 0x00000209d3cddef0, (CMBitMap*) 0x00000209d3cddeb0
 Prev Bits: [0x00000209edcb0000, 0x00000209f1c08000)
 Next Bits: [0x00000209e9d50000, 0x00000209edca8000)

Polling page: 0x00000209d3d30000

Metaspace:

Usage:
  Non-class:     22.66 MB used.
      Class:      2.92 MB used.
       Both:     25.58 MB used.

Virtual space:
  Non-class space:       24.00 MB reserved,      22.81 MB ( 95%) committed,  3 nodes.
      Class space:        1.00 GB reserved,       3.00 MB ( <1%) committed,  1 nodes.
             Both:        1.02 GB reserved,      25.81 MB (  2%) committed. 

Chunk freelists:
   Non-Class:  1.22 MB
       Class:  1.00 MB
        Both:  2.22 MB

MaxMetaspaceSize: unlimited
CompressedClassSpaceSize: 1.00 GB
Initial GC threshold: 21.00 MB
Current GC threshold: 35.31 MB
CDS: off
MetaspaceReclaimPolicy: balanced
 - commit_granule_bytes: 65536.
 - commit_granule_words: 8192.
 - virtual_space_node_default_size: 1048576.
 - enlarge_chunks_in_place: 1.
 - new_chunks_are_fully_committed: 0.
 - uncommit_free_chunks: 1.
 - use_allocation_guard: 0.
 - handle_deallocations: 1.


Internal statistics:

num_allocs_failed_limit: 5.
num_arena_births: 174.
num_arena_deaths: 0.
num_vsnodes_births: 4.
num_vsnodes_deaths: 0.
num_space_committed: 413.
num_space_uncommitted: 0.
num_chunks_returned_to_freelist: 5.
num_chunks_taken_from_freelist: 582.
num_chunk_merges: 0.
num_chunk_splits: 383.
num_chunks_enlarged: 289.
num_purges: 0.
num_inconsistent_stats: 0.

CodeHeap 'non-profiled nmethods': size=120000Kb used=823Kb max_used=823Kb free=119176Kb
 bounds [0x00000209e05f0000, 0x00000209e0860000, 0x00000209e7b20000]
CodeHeap 'profiled nmethods': size=120000Kb used=3751Kb max_used=3751Kb free=116248Kb
 bounds [0x00000209d90c0000, 0x00000209d9470000, 0x00000209e05f0000]
CodeHeap 'non-nmethods': size=5760Kb used=1339Kb max_used=1380Kb free=4421Kb
 bounds [0x00000209d8b20000, 0x00000209d8d90000, 0x00000209d90c0000]
 total_blobs=2722 nmethods=2048 adapters=586
 compilation: enabled
              stopped_count=0, restarted_count=0
 full_count=0

Compilation events (20 events):
Event: 1.832 Thread 0x00000209f480bb30 nmethod 2038 0x00000209d9465290 code [0x00000209d9465460, 0x00000209d94658e8]
Event: 1.832 Thread 0x00000209f480bb30 2040       3       com.fasterxml.jackson.databind.introspect.AnnotationMap::get (21 bytes)
Event: 1.832 Thread 0x00000209f480bb30 nmethod 2040 0x00000209d9465a90 code [0x00000209d9465c40, 0x00000209d9465fa8]
Event: 1.832 Thread 0x00000209f480bb30 2041       3       com.fasterxml.jackson.databind.introspect.AnnotatedWithParams::getAnnotation (9 bytes)
Event: 1.833 Thread 0x00000209f480bb30 nmethod 2041 0x00000209d9466090 code [0x00000209d9466240, 0x00000209d94665e8]
Event: 1.833 Thread 0x00000209f480bb30 2039       3       java.util.LinkedHashMap$LinkedHashIterator::nextNode (54 bytes)
Event: 1.833 Thread 0x00000209f480bb30 nmethod 2039 0x00000209d9466710 code [0x00000209d94668e0, 0x00000209d9466c98]
Event: 1.833 Thread 0x00000209f480bb30 2042       3       java.util.LinkedHashMap$LinkedValueIterator::next (8 bytes)
Event: 1.833 Thread 0x00000209f480bb30 nmethod 2042 0x00000209d9466e10 code [0x00000209d9466fc0, 0x00000209d9467108]
Event: 1.834 Thread 0x00000209f4809080 2043  s!   4       jdk.internal.loader.URLClassPath::getLoader (194 bytes)
Event: 1.835 Thread 0x00000209f4809080 nmethod 2043 0x00000209e06bce90 code [0x00000209e06bd020, 0x00000209e06bd318]
Event: 1.838 Thread 0x00000209f4809080 2044       4       java.lang.CharacterData::of (136 bytes)
Event: 1.838 Thread 0x00000209f480bb30 2045       3       java.lang.Character::isJavaIdentifierPart (5 bytes)
Event: 1.838 Thread 0x00000209f480bb30 nmethod 2045 0x00000209d9467210 code [0x00000209d94673c0, 0x00000209d9467618]
Event: 1.838 Thread 0x00000209f4809080 nmethod 2044 0x00000209e06bd590 code [0x00000209e06bd700, 0x00000209e06bd798]
Event: 1.840 Thread 0x00000209f480bb30 2046       3       java.util.LinkedHashMap::newNode (23 bytes)
Event: 1.840 Thread 0x00000209f480bb30 nmethod 2046 0x00000209d9467710 code [0x00000209d94678e0, 0x00000209d9467d08]
Event: 1.840 Thread 0x00000209f480bb30 2047       3       com.fasterxml.jackson.core.json.ReaderBasedJsonParser::_decodeEscaped (237 bytes)
Event: 1.840 Thread 0x00000209f4809080 2048 %     4       java.lang.StringUTF16::compress @ 3 (50 bytes)
Event: 1.841 Thread 0x00000209f480bb30 nmethod 2047 0x00000209d9467e90 code [0x00000209d9468200, 0x00000209d9469858]

GC Heap History (4 events):
Event: 0.383 GC heap before
{Heap before GC invocations=0 (full 0):
 garbage-first heap   total 260096K, used 20480K [0x0000000702a00000, 0x0000000800000000)
  region size 2048K, 11 young (22528K), 0 survivors (0K)
 Metaspace       used 12413K, committed 12608K, reserved 1064960K
  class space    used 1303K, committed 1408K, reserved 1048576K
}
Event: 0.385 GC heap after
{Heap after GC invocations=1 (full 0):
 garbage-first heap   total 260096K, used 3181K [0x0000000702a00000, 0x0000000800000000)
  region size 2048K, 2 young (4096K), 2 survivors (4096K)
 Metaspace       used 12413K, committed 12608K, reserved 1064960K
  class space    used 1303K, committed 1408K, reserved 1048576K
}
Event: 1.366 GC heap before
{Heap before GC invocations=1 (full 0):
 garbage-first heap   total 260096K, used 25709K [0x0000000702a00000, 0x0000000800000000)
  region size 2048K, 14 young (28672K), 2 survivors (4096K)
 Metaspace       used 21341K, committed 21504K, reserved 1073152K
  class space    used 2403K, committed 2496K, reserved 1048576K
}
Event: 1.370 GC heap after
{Heap after GC invocations=2 (full 0):
 garbage-first heap   total 260096K, used 8585K [0x0000000702a00000, 0x0000000800000000)
  region size 2048K, 3 young (6144K), 3 survivors (6144K)
 Metaspace       used 21341K, committed 21504K, reserved 1073152K
  class space    used 2403K, committed 2496K, reserved 1048576K
}

Dll operation events (20 events):
Event: 0.219 Loaded shared library E:\javafx-sdk-19.0.2.1\bin\api-ms-win-crt-private-l1-1-0.dll
Event: 0.220 Loaded shared library E:\javafx-sdk-19.0.2.1\bin\api-ms-win-crt-process-l1-1-0.dll
Event: 0.220 Loaded shared library E:\javafx-sdk-19.0.2.1\bin\api-ms-win-crt-runtime-l1-1-0.dll
Event: 0.220 Loaded shared library E:\javafx-sdk-19.0.2.1\bin\api-ms-win-crt-stdio-l1-1-0.dll
Event: 0.221 Loaded shared library E:\javafx-sdk-19.0.2.1\bin\api-ms-win-crt-string-l1-1-0.dll
Event: 0.221 Loaded shared library E:\javafx-sdk-19.0.2.1\bin\api-ms-win-crt-time-l1-1-0.dll
Event: 0.221 Loaded shared library E:\javafx-sdk-19.0.2.1\bin\api-ms-win-crt-utility-l1-1-0.dll
Event: 0.222 Loaded shared library E:\javafx-sdk-19.0.2.1\bin\ucrtbase.dll
Event: 0.222 Loaded shared library E:\javafx-sdk-19.0.2.1\bin\vcruntime140.dll
Event: 0.223 Loaded shared library E:\javafx-sdk-19.0.2.1\bin\vcruntime140_1.dll
Event: 0.223 Loaded shared library E:\javafx-sdk-19.0.2.1\bin\msvcp140.dll
Event: 0.224 Loaded shared library E:\javafx-sdk-19.0.2.1\bin\msvcp140_1.dll
Event: 0.224 Loaded shared library E:\javafx-sdk-19.0.2.1\bin\msvcp140_2.dll
Event: 0.247 Loaded shared library E:\javafx-sdk-19.0.2.1\bin\prism_d3d.dll
Event: 0.264 Loaded shared library E:\javafx-sdk-19.0.2.1\bin\glass.dll
Event: 0.322 Loaded shared library C:\Users\hp-1\.p2\pool\plugins\org.eclipse.justj.openjdk.hotspot.jre.full.win32.x86_64_17.0.5.v20221102-0933\jre\bin\jimage.dll
Event: 0.428 Loaded shared library E:\javafx-sdk-19.0.2.1\bin\javafx_font.dll
Event: 0.535 Loaded shared library C:\Windows\System32\libzkfp.dll
Event: 1.149 Loaded shared library C:\Users\hp-1\.p2\pool\plugins\org.eclipse.justj.openjdk.hotspot.jre.full.win32.x86_64_17.0.5.v20221102-0933\jre\bin\sunmscapi.dll
Event: 1.728 Loaded shared library C:\Users\hp-1\.p2\pool\plugins\org.eclipse.justj.openjdk.hotspot.jre.full.win32.x86_64_17.0.5.v20221102-0933\jre\bin\verify.dll

Deoptimization events (20 events):
Event: 1.722 Thread 0x00000209f47f8d90 DEOPT PACKING pc=0x00000209d93e7c56 sp=0x0000001ab31fd6e0
Event: 1.722 Thread 0x00000209f47f8d90 DEOPT UNPACKING pc=0x00000209d8b72b43 sp=0x0000001ab31fcb80 mode 0
Event: 1.724 Thread 0x00000209f47f8d90 DEOPT PACKING pc=0x00000209d93e7c56 sp=0x0000001ab31fd6e0
Event: 1.724 Thread 0x00000209f47f8d90 DEOPT UNPACKING pc=0x00000209d8b72b43 sp=0x0000001ab31fcb80 mode 0
Event: 1.727 Thread 0x00000209f47f8d90 DEOPT PACKING pc=0x00000209d93e7c56 sp=0x0000001ab31fb1a0
Event: 1.727 Thread 0x00000209f47f8d90 DEOPT UNPACKING pc=0x00000209d8b72b43 sp=0x0000001ab31fa628 mode 0
Event: 1.764 Thread 0x00000209f47f8d90 Uncommon trap: trap_request=0xffffff45 fr.pc=0x00000209e060431c relative=0x00000000000000fc
Event: 1.764 Thread 0x00000209f47f8d90 Uncommon trap: reason=unstable_if action=reinterpret pc=0x00000209e060431c method=java.lang.StringLatin1.lastIndexOf([BI[BII)I @ 86 c2
Event: 1.764 Thread 0x00000209f47f8d90 DEOPT PACKING pc=0x00000209e060431c sp=0x0000001ab31fc110
Event: 1.764 Thread 0x00000209f47f8d90 DEOPT UNPACKING pc=0x00000209d8b723a3 sp=0x0000001ab31fc068 mode 2
Event: 1.764 Thread 0x00000209f47f8d90 Uncommon trap: trap_request=0xffffff45 fr.pc=0x00000209e065c3cc relative=0x000000000000042c
Event: 1.764 Thread 0x00000209f47f8d90 Uncommon trap: reason=unstable_if action=reinterpret pc=0x00000209e065c3cc method=java.lang.AbstractStringBuilder.append(C)Ljava/lang/AbstractStringBuilder; @ 21 c2
Event: 1.764 Thread 0x00000209f47f8d90 DEOPT PACKING pc=0x00000209e065c3cc sp=0x0000001ab31fc760
Event: 1.764 Thread 0x00000209f47f8d90 DEOPT UNPACKING pc=0x00000209d8b723a3 sp=0x0000001ab31fc6e8 mode 2
Event: 1.798 Thread 0x00000209f47f8d90 DEOPT PACKING pc=0x00000209d9178cbe sp=0x0000001ab31f8110
Event: 1.798 Thread 0x00000209f47f8d90 DEOPT UNPACKING pc=0x00000209d8b72b43 sp=0x0000001ab31f7588 mode 0
Event: 1.840 Thread 0x00000209f47f8d90 Uncommon trap: trap_request=0xffffff45 fr.pc=0x00000209e063bea0 relative=0x0000000000000680
Event: 1.840 Thread 0x00000209f47f8d90 Uncommon trap: reason=unstable_if action=reinterpret pc=0x00000209e063bea0 method=java.lang.AbstractStringBuilder.append(Ljava/lang/String;)Ljava/lang/AbstractStringBuilder; @ 1 c2
Event: 1.840 Thread 0x00000209f47f8d90 DEOPT PACKING pc=0x00000209e063bea0 sp=0x0000001ab31fdd00
Event: 1.840 Thread 0x00000209f47f8d90 DEOPT UNPACKING pc=0x00000209d8b723a3 sp=0x0000001ab31fdc90 mode 2

Classes unloaded (0 events):
No events

Classes redefined (0 events):
No events

Internal exceptions (20 events):
Event: 0.300 Thread 0x00000209f47f8d90 Exception <a 'java/lang/NoSuchMethodError'{0x00000007119119c0}: 'void java.lang.invoke.DirectMethodHandle$Holder.invokeStaticInit(java.lang.Object)'> (0x00000007119119c0) 
thrown [s\src\hotspot\share\interpreter\linkResolver.cpp, line 759]
Event: 0.301 Thread 0x00000209d3c6d070 Exception <a 'java/lang/NoSuchMethodError'{0x0000000711a51910}: 'java.lang.Object java.lang.invoke.DirectMethodHandle$Holder.newInvokeSpecial(java.lang.Object, java.lang.Object, java.lang.Object, java.lang.Object, java.lang.Object, java.lang.Object)'> (0x0000000711a51910) 
thrown [s\src\hotspot\share\interpreter\linkResolver.cpp, line 759]
Event: 0.305 Thread 0x00000209d3c6d070 Exception <a 'java/lang/NoSuchMethodError'{0x0000000711964680}: 'java.lang.Object java.lang.invoke.DirectMethodHandle$Holder.newInvokeSpecial(java.lang.Object, java.lang.Object, java.lang.Object, java.lang.Object, java.lang.Object)'> (0x0000000711964680) 
thrown [s\src\hotspot\share\interpreter\linkResolver.cpp, line 759]
Event: 0.306 Thread 0x00000209f47faa70 Exception <a 'java/lang/NoSuchMethodError'{0x00000007119c9ec8}: 'void java.lang.invoke.DirectMethodHandle$Holder.invokeStatic(java.lang.Object, java.lang.Object, java.lang.Object, java.lang.Object)'> (0x00000007119c9ec8) 
thrown [s\src\hotspot\share\interpreter\linkResolver.cpp, line 759]
Event: 0.389 Thread 0x00000209f47f8d90 Exception <a 'java/lang/NoSuchMethodError'{0x00000007126892f0}: 'java.lang.Object java.lang.invoke.DirectMethodHandle$Holder.invokeStaticInit(java.lang.Object, java.lang.Object, java.lang.Object, java.lang.Object)'> (0x00000007126892f0) 
thrown [s\src\hotspot\share\interpreter\linkResolver.cpp, line 759]
Event: 0.390 Thread 0x00000209f47f8d90 Exception <a 'java/lang/NullPointerException'{0x0000000712694ef8}> (0x0000000712694ef8) 
thrown [s\src\hotspot\share\interpreter\linkResolver.cpp, line 1350]
Event: 0.415 Thread 0x00000209f47f8d90 Exception <a 'java/lang/ClassNotFoundException'{0x000000071250fd68}: com/sun/glass/ui/win/themes> (0x000000071250fd68) 
thrown [s\src\hotspot\share\prims\jni.cpp, line 535]
Event: 0.416 Thread 0x00000209f47f8d90 Exception <a 'java/lang/ClassNotFoundException'{0x000000071251c1a0}: com/sun/glass/ui/win/themes_en> (0x000000071251c1a0) 
thrown [s\src\hotspot\share\prims\jni.cpp, line 535]
Event: 0.416 Thread 0x00000209f47f8d90 Exception <a 'java/lang/ClassNotFoundException'{0x00000007125241e8}: com/sun/glass/ui/win/themes_en_US> (0x00000007125241e8) 
thrown [s\src\hotspot\share\prims\jni.cpp, line 535]
Event: 0.462 Thread 0x00000209f47f8d90 Exception <a 'java/lang/NoSuchMethodError'{0x0000000711e2fb98}: 'void java.lang.invoke.DirectMethodHandle$Holder.invokeStaticInit(java.lang.Object, java.lang.Object)'> (0x0000000711e2fb98) 
thrown [s\src\hotspot\share\interpreter\linkResolver.cpp, line 759]
Event: 0.505 Thread 0x00000209f47f8d90 Exception <a 'java/lang/NoSuchMethodError'{0x0000000711cecc88}: 'void java.lang.invoke.DirectMethodHandle$Holder.invokeSpecial(java.lang.Object, java.lang.Object, java.lang.Object, java.lang.Object, java.lang.Object)'> (0x0000000711cecc88) 
thrown [s\src\hotspot\share\interpreter\linkResolver.cpp, line 759]
Event: 1.197 Thread 0x00000209f47f8d90 Exception <a 'sun/nio/fs/WindowsException'{0x0000000711908580}> (0x0000000711908580) 
thrown [s\src\hotspot\share\prims\jni.cpp, line 516]
Event: 1.206 Thread 0x00000209f47f8d90 Exception <a 'java/lang/NoSuchMethodError'{0x000000071192dc78}: 'int java.lang.invoke.DirectMethodHandle$Holder.invokeStaticInit(java.lang.Object, java.lang.Object, java.lang.Object, java.lang.Object)'> (0x000000071192dc78) 
thrown [s\src\hotspot\share\interpreter\linkResolver.cpp, line 759]
Event: 1.206 Thread 0x00000209f47f8d90 Exception <a 'java/lang/NoSuchMethodError'{0x0000000711937488}: 'java.lang.Object java.lang.invoke.DirectMethodHandle$Holder.invokeInterface(java.lang.Object, java.lang.Object)'> (0x0000000711937488) 
thrown [s\src\hotspot\share\interpreter\linkResolver.cpp, line 759]
Event: 1.206 Thread 0x00000209f47f8d90 Exception <a 'java/lang/IncompatibleClassChangeError'{0x000000071193ac80}: Found class java.lang.Object, but interface was expected> (0x000000071193ac80) 
thrown [s\src\hotspot\share\interpreter\linkResolver.cpp, line 826]
Event: 1.207 Thread 0x00000209f47f8d90 Exception <a 'java/lang/NoSuchMethodError'{0x0000000711940168}: 'int java.lang.invoke.DirectMethodHandle$Holder.invokeStaticInit(java.lang.Object, java.lang.Object)'> (0x0000000711940168) 
thrown [s\src\hotspot\share\interpreter\linkResolver.cpp, line 759]
Event: 1.275 Thread 0x00000209f47f8d90 Exception <a 'java/lang/NoSuchMethodError'{0x0000000711346628}: 'java.lang.Object java.lang.invoke.DirectMethodHandle$Holder.invokeStaticInit(java.lang.Object, int, int, int, int)'> (0x0000000711346628) 
thrown [s\src\hotspot\share\interpreter\linkResolver.cpp, line 759]
Event: 1.317 Thread 0x00000209f47f8d90 Exception <a 'java/lang/NoSuchMethodError'{0x000000071137c6d8}: 'java.lang.Object java.lang.invoke.DirectMethodHandle$Holder.invokeStaticInit(java.lang.Object, java.lang.Object, int, int, int, int)'> (0x000000071137c6d8) 
thrown [s\src\hotspot\share\interpreter\linkResolver.cpp, line 759]
Event: 1.415 Thread 0x00000209f47f8d90 Implicit null exception at 0x00000209e069128c to 0x00000209e0691451
Event: 1.840 Thread 0x00000209f47f8d90 Implicit null exception at 0x00000209e063b855 to 0x00000209e063be88

VM Operations (20 events):
Event: 1.283 Executing VM operation: HandshakeAllThreads
Event: 1.283 Executing VM operation: HandshakeAllThreads done
Event: 1.324 Executing VM operation: HandshakeAllThreads
Event: 1.324 Executing VM operation: HandshakeAllThreads done
Event: 1.366 Executing VM operation: CollectForMetadataAllocation
Event: 1.370 Executing VM operation: CollectForMetadataAllocation done
Event: 1.370 Executing VM operation: CollectForMetadataAllocation
Event: 1.370 Executing VM operation: CollectForMetadataAllocation done
Event: 1.372 Executing VM operation: G1Concurrent
Event: 1.373 Executing VM operation: G1Concurrent done
Event: 1.373 Executing VM operation: G1Concurrent
Event: 1.373 Executing VM operation: G1Concurrent done
Event: 1.426 Executing VM operation: HandshakeAllThreads
Event: 1.426 Executing VM operation: HandshakeAllThreads done
Event: 1.725 Executing VM operation: HandshakeAllThreads
Event: 1.725 Executing VM operation: HandshakeAllThreads done
Event: 1.760 Executing VM operation: HandshakeAllThreads
Event: 1.760 Executing VM operation: HandshakeAllThreads done
Event: 1.805 Executing VM operation: HandshakeAllThreads
Event: 1.805 Executing VM operation: HandshakeAllThreads done

Events (20 events):
Event: 1.768 loading class java/lang/StringUTF16$CharsSpliterator
Event: 1.768 loading class java/lang/StringUTF16$CharsSpliterator done
Event: 1.768 loading class java/text/DecimalFormat
Event: 1.768 loading class java/text/DecimalFormat done
Event: 1.768 loading class java/text/FieldPosition
Event: 1.768 loading class java/text/FieldPosition done
Event: 1.768 loading class java/text/DigitList
Event: 1.768 loading class java/text/DigitList done
Event: 1.769 loading class java/math/RoundingMode
Event: 1.769 loading class java/math/RoundingMode done
Event: 1.773 loading class java/io/StringReader
Event: 1.773 loading class java/io/StringReader done
Event: 1.800 loading class java/util/UUID
Event: 1.800 loading class java/util/UUID done
Event: 1.803 loading class java/lang/Short$ShortCache
Event: 1.803 loading class java/lang/Short$ShortCache done
Event: 1.803 loading class java/lang/Character$CharacterCache
Event: 1.803 loading class java/lang/Character$CharacterCache done
Event: 1.807 loading class java/util/Currency
Event: 1.807 loading class java/util/Currency done


Dynamic libraries:
0x00007ff7324a0000 - 0x00007ff7324ae000 	C:\Users\hp-1\.p2\pool\plugins\org.eclipse.justj.openjdk.hotspot.jre.full.win32.x86_64_17.0.5.v20221102-0933\jre\bin\javaw.exe
0x00007ff97f370000 - 0x00007ff97f584000 	C:\WINDOWS\SYSTEM32\ntdll.dll
0x00007ff97e070000 - 0x00007ff97e133000 	C:\WINDOWS\System32\KERNEL32.DLL
0x00007ff97c830000 - 0x00007ff97cbcd000 	C:\WINDOWS\System32\KERNELBASE.dll
0x00007ff97cbd0000 - 0x00007ff97cce1000 	C:\WINDOWS\System32\ucrtbase.dll
0x00007ff977910000 - 0x00007ff977929000 	C:\Users\hp-1\.p2\pool\plugins\org.eclipse.justj.openjdk.hotspot.jre.full.win32.x86_64_17.0.5.v20221102-0933\jre\bin\VCRUNTIME140.dll
0x00007ff962630000 - 0x00007ff962647000 	C:\Users\hp-1\.p2\pool\plugins\org.eclipse.justj.openjdk.hotspot.jre.full.win32.x86_64_17.0.5.v20221102-0933\jre\bin\jli.dll
0x00007ff97e610000 - 0x00007ff97e7bd000 	C:\WINDOWS\System32\USER32.dll
0x00007ff97c800000 - 0x00007ff97c826000 	C:\WINDOWS\System32\win32u.dll
0x00007ff95c840000 - 0x00007ff95cace000 	C:\WINDOWS\WinSxS\amd64_microsoft.windows.common-controls_6595b64144ccf1df_6.0.22621.608_none_a9444ca7c10bb01d\COMCTL32.dll
0x00007ff97d1e0000 - 0x00007ff97d209000 	C:\WINDOWS\System32\GDI32.dll
0x00007ff97ecc0000 - 0x00007ff97ed67000 	C:\WINDOWS\System32\msvcrt.dll
0x00007ff97cf00000 - 0x00007ff97d012000 	C:\WINDOWS\System32\gdi32full.dll
0x00007ff97ce60000 - 0x00007ff97cefa000 	C:\WINDOWS\System32\msvcp_win.dll
0x00007ff97de50000 - 0x00007ff97de82000 	C:\WINDOWS\System32\IMM32.DLL
0x00007ff9793b0000 - 0x00007ff9793bc000 	C:\Users\hp-1\.p2\pool\plugins\org.eclipse.justj.openjdk.hotspot.jre.full.win32.x86_64_17.0.5.v20221102-0933\jre\bin\vcruntime140_1.dll
0x00007ff93e8f0000 - 0x00007ff93e981000 	C:\Users\hp-1\.p2\pool\plugins\org.eclipse.justj.openjdk.hotspot.jre.full.win32.x86_64_17.0.5.v20221102-0933\jre\bin\msvcp140.dll
0x00007ff916120000 - 0x00007ff916d64000 	C:\Users\hp-1\.p2\pool\plugins\org.eclipse.justj.openjdk.hotspot.jre.full.win32.x86_64_17.0.5.v20221102-0933\jre\bin\server\jvm.dll
0x00007ff97e560000 - 0x00007ff97e60e000 	C:\WINDOWS\System32\ADVAPI32.dll
0x00007ff97e4b0000 - 0x00007ff97e554000 	C:\WINDOWS\System32\sechost.dll
0x00007ff97ed70000 - 0x00007ff97ee85000 	C:\WINDOWS\System32\RPCRT4.dll
0x00007ff961f80000 - 0x00007ff961fb4000 	C:\WINDOWS\SYSTEM32\WINMM.dll
0x00007ff9792c0000 - 0x00007ff9792c9000 	C:\WINDOWS\SYSTEM32\WSOCK32.dll
0x00007ff977410000 - 0x00007ff97741a000 	C:\WINDOWS\SYSTEM32\VERSION.dll
0x00007ff97e140000 - 0x00007ff97e1b1000 	C:\WINDOWS\System32\WS2_32.dll
0x00007ff97b7e0000 - 0x00007ff97b7f8000 	C:\WINDOWS\SYSTEM32\kernel.appcore.dll
0x00007ff979280000 - 0x00007ff97928a000 	C:\Users\hp-1\.p2\pool\plugins\org.eclipse.justj.openjdk.hotspot.jre.full.win32.x86_64_17.0.5.v20221102-0933\jre\bin\jimage.dll
0x00007ff962720000 - 0x00007ff96294e000 	C:\WINDOWS\SYSTEM32\DBGHELP.DLL
0x00007ff97dac0000 - 0x00007ff97de4a000 	C:\WINDOWS\System32\combase.dll
0x00007ff97f050000 - 0x00007ff97f127000 	C:\WINDOWS\System32\OLEAUT32.dll
0x00007ff961f40000 - 0x00007ff961f72000 	C:\WINDOWS\SYSTEM32\dbgcore.DLL
0x00007ff97d020000 - 0x00007ff97d09b000 	C:\WINDOWS\System32\bcryptPrimitives.dll
0x00007ff969000000 - 0x00007ff969025000 	C:\Users\hp-1\.p2\pool\plugins\org.eclipse.justj.openjdk.hotspot.jre.full.win32.x86_64_17.0.5.v20221102-0933\jre\bin\java.dll
0x00007ff968fe0000 - 0x00007ff968ff8000 	C:\Users\hp-1\.p2\pool\plugins\org.eclipse.justj.openjdk.hotspot.jre.full.win32.x86_64_17.0.5.v20221102-0933\jre\bin\zip.dll
0x00007ff97d210000 - 0x00007ff97d9ff000 	C:\WINDOWS\System32\SHELL32.dll
0x00007ff97a7b0000 - 0x00007ff97b078000 	C:\WINDOWS\SYSTEM32\windows.storage.dll
0x00007ff97a670000 - 0x00007ff97a7ae000 	C:\WINDOWS\SYSTEM32\wintypes.dll
0x00007ff97f230000 - 0x00007ff97f321000 	C:\WINDOWS\System32\SHCORE.dll
0x00007ff97d180000 - 0x00007ff97d1de000 	C:\WINDOWS\System32\shlwapi.dll
0x00007ff97c6c0000 - 0x00007ff97c6e1000 	C:\WINDOWS\SYSTEM32\profapi.dll
0x00007ff968fc0000 - 0x00007ff968fd9000 	C:\Users\hp-1\.p2\pool\plugins\org.eclipse.justj.openjdk.hotspot.jre.full.win32.x86_64_17.0.5.v20221102-0933\jre\bin\net.dll
0x00007ff976db0000 - 0x00007ff976edf000 	C:\WINDOWS\SYSTEM32\WINHTTP.dll
0x00007ff97bc50000 - 0x00007ff97bcb9000 	C:\WINDOWS\system32\mswsock.dll
0x00007ff968ee0000 - 0x00007ff968ef5000 	C:\Users\hp-1\.p2\pool\plugins\org.eclipse.justj.openjdk.hotspot.jre.full.win32.x86_64_17.0.5.v20221102-0933\jre\bin\nio.dll
0x00000209d3d70000 - 0x00000209d3d73000 	E:\javafx-sdk-19.0.2.1\bin\api-ms-win-core-console-l1-1-0.dll
0x00000209f4b20000 - 0x00000209f4b23000 	E:\javafx-sdk-19.0.2.1\bin\api-ms-win-core-console-l1-2-0.dll
0x00000209f4b30000 - 0x00000209f4b33000 	E:\javafx-sdk-19.0.2.1\bin\api-ms-win-core-datetime-l1-1-0.dll
0x00000209f4b40000 - 0x00000209f4b43000 	E:\javafx-sdk-19.0.2.1\bin\api-ms-win-core-debug-l1-1-0.dll
0x00000209f4b50000 - 0x00000209f4b53000 	E:\javafx-sdk-19.0.2.1\bin\api-ms-win-core-errorhandling-l1-1-0.dll
0x00000209f4b60000 - 0x00000209f4b64000 	E:\javafx-sdk-19.0.2.1\bin\api-ms-win-core-file-l1-1-0.dll
0x00000209f4b70000 - 0x00000209f4b73000 	E:\javafx-sdk-19.0.2.1\bin\api-ms-win-core-file-l1-2-0.dll
0x00000209f4b80000 - 0x00000209f4b83000 	E:\javafx-sdk-19.0.2.1\bin\api-ms-win-core-file-l2-1-0.dll
0x00000209f4b90000 - 0x00000209f4b93000 	E:\javafx-sdk-19.0.2.1\bin\api-ms-win-core-handle-l1-1-0.dll
0x00000209f4ba0000 - 0x00000209f4ba3000 	E:\javafx-sdk-19.0.2.1\bin\api-ms-win-core-heap-l1-1-0.dll
0x00000209f4bb0000 - 0x00000209f4bb3000 	E:\javafx-sdk-19.0.2.1\bin\api-ms-win-core-interlocked-l1-1-0.dll
0x00000209f4bc0000 - 0x00000209f4bc3000 	E:\javafx-sdk-19.0.2.1\bin\api-ms-win-core-libraryloader-l1-1-0.dll
0x00000209f4bd0000 - 0x00000209f4bd3000 	E:\javafx-sdk-19.0.2.1\bin\api-ms-win-core-localization-l1-2-0.dll
0x00000209f4be0000 - 0x00000209f4be3000 	E:\javafx-sdk-19.0.2.1\bin\api-ms-win-core-memory-l1-1-0.dll
0x00000209f4bf0000 - 0x00000209f4bf3000 	E:\javafx-sdk-19.0.2.1\bin\api-ms-win-core-namedpipe-l1-1-0.dll
0x00000209f6cd0000 - 0x00000209f6cd3000 	E:\javafx-sdk-19.0.2.1\bin\api-ms-win-core-processenvironment-l1-1-0.dll
0x00000209f6ce0000 - 0x00000209f6ce3000 	E:\javafx-sdk-19.0.2.1\bin\api-ms-win-core-processthreads-l1-1-0.dll
0x00000209f6cf0000 - 0x00000209f6cf3000 	E:\javafx-sdk-19.0.2.1\bin\api-ms-win-core-processthreads-l1-1-1.dll
0x00000209f6d00000 - 0x00000209f6d03000 	E:\javafx-sdk-19.0.2.1\bin\api-ms-win-core-profile-l1-1-0.dll
0x00000209f6d10000 - 0x00000209f6d13000 	E:\javafx-sdk-19.0.2.1\bin\api-ms-win-core-rtlsupport-l1-1-0.dll
0x00000209f6d20000 - 0x00000209f6d23000 	E:\javafx-sdk-19.0.2.1\bin\api-ms-win-core-string-l1-1-0.dll
0x00000209f6d30000 - 0x00000209f6d33000 	E:\javafx-sdk-19.0.2.1\bin\api-ms-win-core-synch-l1-1-0.dll
0x00000209f6d40000 - 0x00000209f6d43000 	E:\javafx-sdk-19.0.2.1\bin\api-ms-win-core-synch-l1-2-0.dll
0x00000209f6d50000 - 0x00000209f6d53000 	E:\javafx-sdk-19.0.2.1\bin\api-ms-win-core-sysinfo-l1-1-0.dll
0x00000209f6d60000 - 0x00000209f6d63000 	E:\javafx-sdk-19.0.2.1\bin\api-ms-win-core-timezone-l1-1-0.dll
0x00000209f6d70000 - 0x00000209f6d73000 	E:\javafx-sdk-19.0.2.1\bin\api-ms-win-core-util-l1-1-0.dll
0x00000209f6d80000 - 0x00000209f6d83000 	E:\javafx-sdk-19.0.2.1\bin\api-ms-win-crt-conio-l1-1-0.dll
0x00000209f6d90000 - 0x00000209f6d94000 	E:\javafx-sdk-19.0.2.1\bin\api-ms-win-crt-convert-l1-1-0.dll
0x00000209f6da0000 - 0x00000209f6da3000 	E:\javafx-sdk-19.0.2.1\bin\api-ms-win-crt-environment-l1-1-0.dll
0x00000209f6db0000 - 0x00000209f6db3000 	E:\javafx-sdk-19.0.2.1\bin\api-ms-win-crt-filesystem-l1-1-0.dll
0x00000209f6dc0000 - 0x00000209f6dc3000 	E:\javafx-sdk-19.0.2.1\bin\api-ms-win-crt-heap-l1-1-0.dll
0x00000209f6dd0000 - 0x00000209f6dd3000 	E:\javafx-sdk-19.0.2.1\bin\api-ms-win-crt-locale-l1-1-0.dll
0x00000209f6de0000 - 0x00000209f6de5000 	E:\javafx-sdk-19.0.2.1\bin\api-ms-win-crt-math-l1-1-0.dll
0x00000209f6df0000 - 0x00000209f6df5000 	E:\javafx-sdk-19.0.2.1\bin\api-ms-win-crt-multibyte-l1-1-0.dll
0x00000209f6e00000 - 0x00000209f6e10000 	E:\javafx-sdk-19.0.2.1\bin\api-ms-win-crt-private-l1-1-0.dll
0x00000209f6e10000 - 0x00000209f6e13000 	E:\javafx-sdk-19.0.2.1\bin\api-ms-win-crt-process-l1-1-0.dll
0x00000209f6e20000 - 0x00000209f6e24000 	E:\javafx-sdk-19.0.2.1\bin\api-ms-win-crt-runtime-l1-1-0.dll
0x00000209f6e30000 - 0x00000209f6e34000 	E:\javafx-sdk-19.0.2.1\bin\api-ms-win-crt-stdio-l1-1-0.dll
0x00000209f6e40000 - 0x00000209f6e44000 	E:\javafx-sdk-19.0.2.1\bin\api-ms-win-crt-string-l1-1-0.dll
0x00000209f6e50000 - 0x00000209f6e53000 	E:\javafx-sdk-19.0.2.1\bin\api-ms-win-crt-time-l1-1-0.dll
0x00000209f6e60000 - 0x00000209f6e63000 	E:\javafx-sdk-19.0.2.1\bin\api-ms-win-crt-utility-l1-1-0.dll
0x00007ff91f6d0000 - 0x00007ff91f7cc000 	E:\javafx-sdk-19.0.2.1\bin\ucrtbase.dll
0x00007ff9616a0000 - 0x00007ff9616bb000 	E:\javafx-sdk-19.0.2.1\bin\vcruntime140.dll
0x00007ff977900000 - 0x00007ff97790c000 	E:\javafx-sdk-19.0.2.1\bin\vcruntime140_1.dll
0x00007ff93e860000 - 0x00007ff93e8ee000 	E:\javafx-sdk-19.0.2.1\bin\msvcp140.dll
0x00007ff9625f0000 - 0x00007ff9625f9000 	E:\javafx-sdk-19.0.2.1\bin\msvcp140_1.dll
0x00007ff961480000 - 0x00007ff9614b0000 	E:\javafx-sdk-19.0.2.1\bin\msvcp140_2.dll
0x00007ff95db40000 - 0x00007ff95db6c000 	E:\javafx-sdk-19.0.2.1\bin\prism_d3d.dll
0x00007ff918d40000 - 0x00007ff918ee9000 	C:\WINDOWS\system32\d3d9.dll
0x00007ff97a1f0000 - 0x00007ff97a21b000 	C:\WINDOWS\SYSTEM32\dwmapi.dll
0x00007ff979fb0000 - 0x00007ff979fe6000 	C:\WINDOWS\SYSTEM32\dxcore.dll
0x00007ff979de0000 - 0x00007ff979e8b000 	C:\WINDOWS\system32\uxtheme.dll
0x00007ff91f520000 - 0x00007ff91f6cc000 	C:\WINDOWS\System32\DriverStore\FileRepository\iigd_dch.inf_amd64_6cad38383965216e\igdumdim64.dll
0x00007ff97e310000 - 0x00007ff97e4ac000 	C:\WINDOWS\System32\ole32.dll
0x00007ff90e420000 - 0x00007ff912c7b000 	C:\WINDOWS\System32\DriverStore\FileRepository\iigd_dch.inf_amd64_6cad38383965216e\igd9dxva64.dll
0x00007ff97e830000 - 0x00007ff97ecaa000 	C:\WINDOWS\System32\SETUPAPI.dll
0x00007ff97c350000 - 0x00007ff97c39e000 	C:\WINDOWS\SYSTEM32\cfgmgr32.dll
0x00007ff96ff60000 - 0x00007ff97036a000 	C:\WINDOWS\System32\DriverStore\FileRepository\iigd_dch.inf_amd64_6cad38383965216e\igdgmm64.dll
0x00007ff976940000 - 0x00007ff976989000 	C:\WINDOWS\SYSTEM32\directxdatabasehelper.dll
0x00007ff95ad90000 - 0x00007ff95add2000 	E:\javafx-sdk-19.0.2.1\bin\glass.dll
0x00007ff97f130000 - 0x00007ff97f227000 	C:\WINDOWS\System32\COMDLG32.dll
0x00007ff97de90000 - 0x00007ff97dfae000 	C:\WINDOWS\System32\MSCTF.dll
0x00007ff937fe0000 - 0x00007ff938007000 	C:\WINDOWS\System32\DriverStore\FileRepository\iigd_dch.inf_amd64_6cad38383965216e\igdinfo64.dll
0x00007ff96aa80000 - 0x00007ff96f0f0000 	C:\WINDOWS\System32\DriverStore\FileRepository\iigd_dch.inf_amd64_6cad38383965216e\igc64.dll
0x00007ff95ad70000 - 0x00007ff95ad84000 	E:\javafx-sdk-19.0.2.1\bin\javafx_font.dll
0x00007ff978440000 - 0x00007ff9786a7000 	C:\WINDOWS\SYSTEM32\dwrite.dll
0x00007ff95a5d0000 - 0x00007ff95a61a000 	C:\Windows\System32\libzkfp.dll
0x00007ff91f420000 - 0x00007ff91f512000 	C:\WINDOWS\SYSTEM32\fpslib.dll
0x00007ff95a7a0000 - 0x00007ff95a7be000 	C:\WINDOWS\SYSTEM32\ZKFPCap.dll
0x00007ff97b2d0000 - 0x00007ff97b2fd000 	C:\WINDOWS\SYSTEM32\IPHLPAPI.DLL
0x00007ff95a740000 - 0x00007ff95a75d000 	C:\WINDOWS\SYSTEM32\ZKFPSensors\libidfprcap.dll
0x00007ff959b40000 - 0x00007ff959b6d000 	C:\WINDOWS\SYSTEM32\ZKFPSensors\libsilkidcap.dll
0x00007ff95a580000 - 0x00007ff95a59c000 	C:\WINDOWS\SYSTEM32\libzksensorcore.dll
0x0000000057d80000 - 0x0000000057d95000 	C:\WINDOWS\SYSTEM32\libusb0.dll
0x00007ff93f7a0000 - 0x00007ff93f7e8000 	C:\WINDOWS\SYSTEM32\ZKFPSensors\libzklibcap.dll
0x0000000180000000 - 0x0000000180022000 	C:\WINDOWS\SYSTEM32\zkfpslibLow.dll
0x00000209fd550000 - 0x00000209fdc60000 	C:\WINDOWS\SYSTEM32\fppswsk.dll
0x00007ff97ecb0000 - 0x00007ff97ecb8000 	C:\WINDOWS\System32\PSAPI.DLL
0x00007ff94f510000 - 0x00007ff94f5aa000 	C:\WINDOWS\SYSTEM32\WINSPOOL.DRV
0x00007ff97c3c0000 - 0x00007ff97c3f3000 	C:\WINDOWS\SYSTEM32\DEVOBJ.dll
0x00007ff97c790000 - 0x00007ff97c7fb000 	C:\WINDOWS\System32\WINTRUST.dll
0x00007ff97ccf0000 - 0x00007ff97ce56000 	C:\WINDOWS\System32\CRYPT32.dll
0x00007ff97bf00000 - 0x00007ff97bf12000 	C:\WINDOWS\SYSTEM32\MSASN1.dll
0x00007ff959c80000 - 0x00007ff959c97000 	C:\WINDOWS\system32\napinsp.dll

dbghelp: loaded successfully - version: 4.0.5 - missing functions: none
symbol engine: initialized successfully - sym options: 0x614 - pdb path: .;C:\Users\hp-1\.p2\pool\plugins\org.eclipse.justj.openjdk.hotspot.jre.full.win32.x86_64_17.0.5.v20221102-0933\jre\bin;C:\WINDOWS\SYSTEM32;C:\WINDOWS\WinSxS\amd64_microsoft.windows.common-controls_6595b64144ccf1df_6.0.22621.608_none_a9444ca7c10bb01d;C:\Users\hp-1\.p2\pool\plugins\org.eclipse.justj.openjdk.hotspot.jre.full.win32.x86_64_17.0.5.v20221102-0933\jre\bin\server;E:\javafx-sdk-19.0.2.1\bin;C:\WINDOWS\System32\DriverStore\FileRepository\iigd_dch.inf_amd64_6cad38383965216e;C:\WINDOWS\SYSTEM32\ZKFPSensors

VM Arguments:
jvm_args: --module-path=E:\javafx-sdk-19.0.2.1\lib --add-modules=javafx.controls,javafx.fxml -Dfile.encoding=UTF-8 -XX:+ShowCodeDetailsInExceptionMessages 
java_command: sample.Main
java_class_path (initial): F:\finger\sample\bin;E:\javafx-sdk-19.0.2.1\lib\javafx.base.jar;E:\javafx-sdk-19.0.2.1\lib\javafx.controls.jar;E:\javafx-sdk-19.0.2.1\lib\javafx.fxml.jar;E:\javafx-sdk-19.0.2.1\lib\javafx.graphics.jar;E:\javafx-sdk-19.0.2.1\lib\javafx.media.jar;E:\javafx-sdk-19.0.2.1\lib\javafx.swing.jar;E:\javafx-sdk-19.0.2.1\lib\javafx.web.jar;E:\javafx-sdk-19.0.2.1\lib\javafx-swt.jar;E:\ZKFinger SDK V10.0-Windows-Lite\Java\lib\ZKFingerReader.jar;E:\jdbc.jar;E:\mysql-connector-j-8.0.32.zip;E:\mysql-connector-j-8.0.32\mysql-connector-j-8.0.32.jar;F:\Fingerprint reader\API\API\java-json.jar;F:\Fingerprint reader\Main\finger\sample\jackson-core-2.2.3.jar;F:\Fingerprint reader\Main\finger\sample\com.fasterxml.jackson.databind.jar;F:\Fingerprint reader\Main\finger\sample\jackson-annotations-2.1.2.jar;F:\New folder (2)\org-apache-commons-codec.jar
Launcher Type: SUN_STANDARD

[Global flags]
     intx CICompilerCount                          = 4                                         {product} {ergonomic}
     uint ConcGCThreads                            = 2                                         {product} {ergonomic}
     uint G1ConcRefinementThreads                  = 8                                         {product} {ergonomic}
   size_t G1HeapRegionSize                         = 2097152                                   {product} {ergonomic}
    uintx GCDrainStackTargetSize                   = 64                                        {product} {ergonomic}
   size_t InitialHeapSize                          = 266338304                                 {product} {ergonomic}
   size_t MarkStackSize                            = 4194304                                   {product} {ergonomic}
   size_t MaxHeapSize                              = 4250927104                                {product} {ergonomic}
   size_t MaxNewSize                               = 2550136832                                {product} {ergonomic}
   size_t MinHeapDeltaBytes                        = 2097152                                   {product} {ergonomic}
   size_t MinHeapSize                              = 8388608                                   {product} {ergonomic}
    uintx NonNMethodCodeHeapSize                   = 5839372                                {pd product} {ergonomic}
    uintx NonProfiledCodeHeapSize                  = 122909434                              {pd product} {ergonomic}
    uintx ProfiledCodeHeapSize                     = 122909434                              {pd product} {ergonomic}
    uintx ReservedCodeCacheSize                    = 251658240                              {pd product} {ergonomic}
     bool SegmentedCodeCache                       = true                                      {product} {ergonomic}
     bool ShowCodeDetailsInExceptionMessages       = true                                   {manageable} {command line}
   size_t SoftMaxHeapSize                          = 4250927104                             {manageable} {ergonomic}
     bool UseCompressedClassPointers               = true                           {product lp64_product} {ergonomic}
     bool UseCompressedOops                        = true                           {product lp64_product} {ergonomic}
     bool UseG1GC                                  = true                                      {product} {ergonomic}
     bool UseLargePagesIndividualAllocation        = false                                  {pd product} {ergonomic}

Logging:
Log output configuration:
 #0: stdout all=warning uptime,level,tags
 #1: stderr all=off uptime,level,tags

Environment Variables:
PATH=C:/Users/hp-1/.p2/pool/plugins/org.eclipse.justj.openjdk.hotspot.jre.full.win32.x86_64_17.0.5.v20221102-0933/jre/bin/server;C:/Users/hp-1/.p2/pool/plugins/org.eclipse.justj.openjdk.hotspot.jre.full.win32.x86_64_17.0.5.v20221102-0933/jre/bin;C:\Program Files (x86)\Common Files\Oracle\Java\javapath;C:\WINDOWS\system32;C:\WINDOWS;C:\WINDOWS\System32\Wbem;C:\WINDOWS\System32\WindowsPowerShell\v1.0\;C:\WINDOWS\System32\OpenSSH\;C:\Program Files\MySQL\MySQL Shell 8.0\bin\;C:\Users\hp-1\AppData\Local\Programs\Python\Python311\Scripts\;C:\Users\hp-1\AppData\Local\Programs\Python\Python311\;C:\Users\hp-1\AppData\Local\Microsoft\WindowsApps;;C:\Users\hp-1\Desktop;
USERNAME=hp-1
OS=Windows_NT
PROCESSOR_IDENTIFIER=Intel64 Family 6 Model 165 Stepping 3, GenuineIntel
TMP=C:\Users\hp-1\AppData\Local\Temp
TEMP=C:\Users\hp-1\AppData\Local\Temp



---------------  S Y S T E M  ---------------

OS:
 Windows 11 , 64 bit Build 22621 (10.0.22621.1105)
OS uptime: 1 days 20:03 hours

CPU: total 8 (initial active 8) (4 cores per cpu, 2 threads per core) family 6 model 165 stepping 3 microcode 0xea, cx8, cmov, fxsr, ht, mmx, 3dnowpref, sse, sse2, sse3, ssse3, sse4.1, sse4.2, popcnt, lzcnt, tsc, tscinvbit, avx, avx2, aes, erms, clmul, bmi1, bmi2, adx, fma, vzeroupper, clflush, clflushopt

Memory: 4k page, system-wide physical 16212M (9348M free)
TotalPageFile size 23380M (AvailPageFile size 13172M)
current process WorkingSet (physical memory assigned to process): 143M, peak: 151M
current process commit charge ("private bytes"): 194M, peak: 410M

vm_info: OpenJDK 64-Bit Server VM (17.0.5+8) for windows-amd64 JRE (17.0.5+8), built on Oct 19 2022 04:48:13 by "temurin" with MS VC++ 16.7 (VS2019)

END.
